
2019-09-20 15:00:57 - F:\GitHub\WebBiliapi\Bilibiliflat\scheduler.py - spider - 18 - INFO : 爬虫模块正在运行
2019-09-20 15:00:57 - F:\GitHub\WebBiliapi\Bilibiliflat\scheduler.py - spider - 18 - INFO : 爬虫模块正在运行
2019-09-20 15:01:56 - F:\GitHub\WebBiliapi\Bilibiliflat\generator.py - run - 33 - INFO : 数据准备插入到数据库
2019-09-20 15:01:56 - F:\GitHub\WebBiliapi\Bilibiliflat\generator.py - run - 33 - INFO : 数据准备插入到数据库
2019-09-20 15:01:57 - F:\GitHub\WebBiliapi\Bilibiliflat\generator.py - run - 37 - INFO : 数据库中数据插入完成
2019-09-20 15:01:57 - F:\GitHub\WebBiliapi\Bilibiliflat\generator.py - run - 37 - INFO : 数据库中数据插入完成
2019-09-20 15:01:57 - F:\GitHub\WebBiliapi\Bilibiliflat\scheduler.py - spider - 23 - INFO : 爬虫模块结束运行
2019-09-20 15:01:57 - F:\GitHub\WebBiliapi\Bilibiliflat\scheduler.py - spider - 23 - INFO : 爬虫模块结束运行
2019-09-20 15:06:39 - F:\GitHub\WebBiliapi\Bilibiliflat\scheduler.py - spider - 18 - INFO : 爬虫模块正在运行
2019-09-20 15:06:39 - F:\GitHub\WebBiliapi\Bilibiliflat\scheduler.py - spider - 18 - INFO : 爬虫模块正在运行
2019-09-20 15:07:38 - F:\GitHub\WebBiliapi\Bilibiliflat\generator.py - run - 33 - INFO : 数据准备插入到数据库
2019-09-20 15:07:38 - F:\GitHub\WebBiliapi\Bilibiliflat\generator.py - run - 33 - INFO : 数据准备插入到数据库
2019-09-20 15:07:38 - F:\GitHub\WebBiliapi\Bilibiliflat\generator.py - run - 37 - INFO : 数据库中数据插入完成
2019-09-20 15:07:38 - F:\GitHub\WebBiliapi\Bilibiliflat\generator.py - run - 37 - INFO : 数据库中数据插入完成
2019-09-20 15:07:38 - F:\GitHub\WebBiliapi\Bilibiliflat\scheduler.py - spider - 23 - INFO : 爬虫模块结束运行
2019-09-20 15:07:38 - F:\GitHub\WebBiliapi\Bilibiliflat\scheduler.py - spider - 23 - INFO : 爬虫模块结束运行
2019-09-20 21:00:22 - f:\GitHub\WebBiliapi\Bilibiliflat\scheduler.py - spider - 18 - INFO : 爬虫模块正在运行
2019-09-20 21:00:22 - f:\GitHub\WebBiliapi\Bilibiliflat\scheduler.py - spider - 18 - INFO : 爬虫模块正在运行
2019-09-20 21:13:02 - f:\GitHub\WebBiliapi\Bilibiliflat\scheduler.py - spider - 18 - INFO : 爬虫模块正在运行
2019-09-20 21:13:02 - f:\GitHub\WebBiliapi\Bilibiliflat\scheduler.py - spider - 18 - INFO : 爬虫模块正在运行
2019-09-20 21:14:05 - f:\GitHub\WebBiliapi\Bilibiliflat\generator.py - run - 33 - INFO : 数据准备插入到数据库
2019-09-20 21:14:05 - f:\GitHub\WebBiliapi\Bilibiliflat\generator.py - run - 33 - INFO : 数据准备插入到数据库
2019-09-20 21:14:06 - f:\GitHub\WebBiliapi\Bilibiliflat\generator.py - run - 37 - INFO : 数据库中数据插入完成
2019-09-20 21:14:06 - f:\GitHub\WebBiliapi\Bilibiliflat\generator.py - run - 37 - INFO : 数据库中数据插入完成
2019-09-20 21:14:06 - f:\GitHub\WebBiliapi\Bilibiliflat\scheduler.py - spider - 23 - INFO : 爬虫模块结束运行
2019-09-20 21:14:06 - f:\GitHub\WebBiliapi\Bilibiliflat\scheduler.py - spider - 23 - INFO : 爬虫模块结束运行
2019-09-20 21:14:07 - f:\GitHub\WebBiliapi\Bilibiliflat\scheduler.py - spider - 18 - INFO : 爬虫模块正在运行
2019-09-20 21:14:07 - f:\GitHub\WebBiliapi\Bilibiliflat\scheduler.py - spider - 18 - INFO : 爬虫模块正在运行
2019-09-20 21:15:08 - f:\GitHub\WebBiliapi\Bilibiliflat\generator.py - run - 33 - INFO : 数据准备插入到数据库
2019-09-20 21:15:08 - f:\GitHub\WebBiliapi\Bilibiliflat\generator.py - run - 33 - INFO : 数据准备插入到数据库
2019-09-20 21:15:08 - f:\GitHub\WebBiliapi\Bilibiliflat\generator.py - run - 37 - INFO : 数据库中数据插入完成
2019-09-20 21:15:08 - f:\GitHub\WebBiliapi\Bilibiliflat\generator.py - run - 37 - INFO : 数据库中数据插入完成
2019-09-20 21:15:08 - f:\GitHub\WebBiliapi\Bilibiliflat\scheduler.py - spider - 23 - INFO : 爬虫模块结束运行
2019-09-20 21:15:08 - f:\GitHub\WebBiliapi\Bilibiliflat\scheduler.py - spider - 23 - INFO : 爬虫模块结束运行
2019-09-20 21:36:54 - f:\GitHub\WebBiliapi\Bilibiliflat\scheduler.py - spider - 18 - INFO : 爬虫模块正在运行
2019-09-20 21:36:54 - f:\GitHub\WebBiliapi\Bilibiliflat\scheduler.py - spider - 18 - INFO : 爬虫模块正在运行
2019-09-20 22:30:21 - f:\GitHub\WebBiliapi\Bilibiliflat\scheduler.py - webapi - 30 - INFO : API接口开始运行
2019-09-20 22:30:21 - f:\GitHub\WebBiliapi\Bilibiliflat\scheduler.py - webapi - 30 - INFO : API接口开始运行
2019-09-20 22:31:55 - f:\GitHub\WebBiliapi\Bilibiliflat\scheduler.py - webapi - 30 - INFO : API接口开始运行
2019-09-20 22:31:55 - f:\GitHub\WebBiliapi\Bilibiliflat\scheduler.py - webapi - 30 - INFO : API接口开始运行
2019-09-21 10:44:16 - f:\GitHub\WebBiliapi\Bilibiliflat\scheduler.py - webapi - 30 - INFO : API接口开始运行
2019-09-21 10:44:16 - f:\GitHub\WebBiliapi\Bilibiliflat\scheduler.py - webapi - 30 - INFO : API接口开始运行
2019-09-21 10:44:39 - f:\GitHub\WebBiliapi\Bilibiliflat\scheduler.py - spider - 18 - INFO : 爬虫模块正在运行
2019-09-21 10:44:39 - f:\GitHub\WebBiliapi\Bilibiliflat\scheduler.py - spider - 18 - INFO : 爬虫模块正在运行
2019-09-21 10:45:41 - f:\GitHub\WebBiliapi\Bilibiliflat\generator.py - run - 33 - INFO : 数据准备插入到数据库
2019-09-21 10:45:41 - f:\GitHub\WebBiliapi\Bilibiliflat\generator.py - run - 33 - INFO : 数据准备插入到数据库
2019-09-21 10:45:42 - f:\GitHub\WebBiliapi\Bilibiliflat\generator.py - run - 37 - INFO : 数据库中数据插入完成
2019-09-21 10:45:42 - f:\GitHub\WebBiliapi\Bilibiliflat\generator.py - run - 37 - INFO : 数据库中数据插入完成
2019-09-21 10:45:42 - f:\GitHub\WebBiliapi\Bilibiliflat\scheduler.py - spider - 23 - INFO : 爬虫模块结束运行
2019-09-21 10:45:42 - f:\GitHub\WebBiliapi\Bilibiliflat\scheduler.py - spider - 23 - INFO : 爬虫模块结束运行
2019-09-21 11:18:37 - f:\GitHub\WebBiliapi\Bilibiliflat\scheduler.py - spider - 18 - INFO : 爬虫模块正在运行
2019-09-21 11:18:37 - f:\GitHub\WebBiliapi\Bilibiliflat\scheduler.py - spider - 18 - INFO : 爬虫模块正在运行
2019-09-21 11:20:27 - f:\GitHub\WebBiliapi\Bilibiliflat\scheduler.py - spider - 18 - INFO : 爬虫模块正在运行
2019-09-21 11:20:27 - f:\GitHub\WebBiliapi\Bilibiliflat\scheduler.py - spider - 18 - INFO : 爬虫模块正在运行
2019-09-21 11:21:15 - f:\GitHub\WebBiliapi\Bilibiliflat\scheduler.py - spider - 18 - INFO : 爬虫模块正在运行
2019-09-21 11:21:15 - f:\GitHub\WebBiliapi\Bilibiliflat\scheduler.py - spider - 18 - INFO : 爬虫模块正在运行
