2019-10-14 14:31:20 - F:\GitHub\WebBiliapi\Bilibiliflat\Spiders\Bilibili\Scores.py - Get_index - 84 - INFO : 1:我到“地狱”里走了一遭：13岁以下不得入内，人类文明的污点！ 友曰旅行
2019-10-14 14:31:21 - F:\GitHub\WebBiliapi\Bilibiliflat\Spiders\Bilibili\Scores.py - Get_index - 84 - INFO : 2:烧烤真的致癌吗？怒买800多元烧烤送到实验室，实测给你看！ 老爸评测
2019-10-14 14:31:21 - F:\GitHub\WebBiliapi\Bilibiliflat\Spiders\Bilibili\Scores.py - Get_index - 84 - INFO : 3:太硬核了！腾格尔唱Lemon，大草原的气息哈哈哈 大头大头哥哥
2019-10-14 14:31:22 - F:\GitHub\WebBiliapi\Bilibiliflat\Spiders\Bilibili\Scores.py - Get_index - 84 - INFO : 4:强到爆炸！十月最封神的动画竟然是他？十月新番吐槽第四弹！ 泛式
2019-10-14 14:31:23 - F:\GitHub\WebBiliapi\Bilibiliflat\Spiders\Bilibili\Scores.py - Get_index - 84 - INFO : 5:戴上耳机，前方极度舒适！请享受用100+小时换来的视觉盛宴2分种！ 烽火湛蓝
2019-10-14 14:31:24 - F:\GitHub\WebBiliapi\Bilibiliflat\Spiders\Bilibili\Scores.py - Get_index - 84 - INFO : 6:黑板报 卧龙寺
2019-10-14 14:31:25 - F:\GitHub\WebBiliapi\Bilibiliflat\Spiders\Bilibili\Scores.py - Get_index - 84 - INFO : 7:最近十年最容易拉人入坑的动画排行！第一名根本想不到！ 凉风Kaze
2019-10-14 14:31:26 - F:\GitHub\WebBiliapi\Bilibiliflat\Spiders\Bilibili\Scores.py - Get_index - 84 - INFO : 8:五星酒店送餐速度居然不如外卖？十倍差价下酒店饭菜血亏 敬汉卿
2019-10-14 14:31:27 - F:\GitHub\WebBiliapi\Bilibiliflat\Spiders\Bilibili\Scores.py - Get_index - 84 - INFO : 9:测测你能污到什么程度，别人能驾驭得了吗？ 不愧是姐姐大人
2019-10-14 14:31:27 - F:\GitHub\WebBiliapi\Bilibiliflat\Spiders\Bilibili\Scores.py - Get_index - 84 - INFO : 10:我撕掉了价值16000的球票...... 刘阳cary
2019-10-14 14:31:28 - F:\GitHub\WebBiliapi\Bilibiliflat\Spiders\Bilibili\Scores.py - Get_index - 84 - INFO : 11:【川普】Creeper? 超音速君
2019-10-14 14:31:29 - F:\GitHub\WebBiliapi\Bilibiliflat\Spiders\Bilibili\Scores.py - Get_index - 84 - INFO : 12:开箱1800买的章丘手工铁锅，36000锤打造的铁锅真的能够无油煎蛋吗 翔翔大作战
2019-10-14 14:31:30 - F:\GitHub\WebBiliapi\Bilibiliflat\Spiders\Bilibili\Scores.py - Get_index - 84 - INFO : 13:【沧界作品】美人外史 杨贵妃vs貂蝉 battle大战 集美貌与中二于一身的四美麻将吐槽大会 跟得上我的rap吗！不行请再来亿遍 沧界studio
2019-10-14 14:31:31 - F:\GitHub\WebBiliapi\Bilibiliflat\Spiders\Bilibili\Scores.py - Get_index - 84 - INFO : 14:全球家长都拍手叫好的广告…… 我是狗十一
2019-10-14 14:31:32 - F:\GitHub\WebBiliapi\Bilibiliflat\Spiders\Bilibili\Scores.py - Get_index - 84 - INFO : 15:华农兄弟：去河边搞了点沙子，叫老弟来炒烫皮，我来捉小猪称一下 华农兄弟
2019-10-14 14:31:33 - F:\GitHub\WebBiliapi\Bilibiliflat\Spiders\Bilibili\Scores.py - Get_index - 84 - INFO : 16:为什么说现在年轻人基本没机会了 冷清小
2019-10-14 14:31:34 - F:\GitHub\WebBiliapi\Bilibiliflat\Spiders\Bilibili\Scores.py - Get_index - 84 - INFO : 17:《崩坏3》动画短片「希儿」 崩坏3第一偶像爱酱
2019-10-14 14:31:34 - F:\GitHub\WebBiliapi\Bilibiliflat\Spiders\Bilibili\Scores.py - Get_index - 84 - INFO : 18:送一堆作业，给爱抄作业的表弟，表弟：我tm谢谢你啊 在下哲别
2019-10-14 14:31:35 - F:\GitHub\WebBiliapi\Bilibiliflat\Spiders\Bilibili\Scores.py - Get_index - 84 - INFO : 19:康康|你有讨好型人格吗?有时候真希望你自私一点|真实经历|为什么总是不会拒绝?|自救指南|社交情商|友情|爱情|心理学 是你们的康康
2019-10-14 14:31:36 - F:\GitHub\WebBiliapi\Bilibiliflat\Spiders\Bilibili\Scores.py - Get_index - 84 - INFO : 20:媳妇想吃虾，大sao买四斤食材做焖锅，配上最后的烩面，吃的实在 徐大sao
2019-10-14 14:31:37 - F:\GitHub\WebBiliapi\Bilibiliflat\Spiders\Bilibili\Scores.py - Get_index - 84 - INFO : 21:NBA事件持续发酵，中国人又玻璃心了吗？【独树一帜30】 树根龙门阵
2019-10-14 14:31:38 - F:\GitHub\WebBiliapi\Bilibiliflat\Spiders\Bilibili\Scores.py - Get_index - 84 - INFO : 22:不穿安～全～裤翻跳AOA的短裙 二黄二黄就是我
2019-10-14 14:31:39 - F:\GitHub\WebBiliapi\Bilibiliflat\Spiders\Bilibili\Scores.py - Get_index - 84 - INFO : 23:【猛男版】新 宝 岛 果厨果厨果
2019-10-14 14:31:40 - F:\GitHub\WebBiliapi\Bilibiliflat\Spiders\Bilibili\Scores.py - Get_index - 84 - INFO : 24:【主播真会玩女神篇】83：菠萝赛东字谜游戏倒亦有道，骆歆拆城圣经上演川剧变脸 长歌与小见见
2019-10-14 14:31:41 - F:\GitHub\WebBiliapi\Bilibiliflat\Spiders\Bilibili\Scores.py - Get_index - 84 - INFO : 25:这动画也太劲爆了！2019十月新番吐槽大盘点（第二弹） LexBurner
2019-10-14 14:31:41 - F:\GitHub\WebBiliapi\Bilibiliflat\Spiders\Bilibili\Scores.py - Get_index - 84 - INFO : 26:耗时半年!2500张手绘完成[黄金之风]特效动画 ZALSTGAMING
2019-10-14 14:31:42 - F:\GitHub\WebBiliapi\Bilibiliflat\Spiders\Bilibili\Scores.py - Get_index - 84 - INFO : 27:【朱一旦】84 这！就是高级的教养 朱一旦的枯燥生活
2019-10-14 14:31:43 - F:\GitHub\WebBiliapi\Bilibiliflat\Spiders\Bilibili\Scores.py - Get_index - 84 - INFO : 28:【板栗】秋天就是坚果的主场呀~板栗甜，橡果香！ 李子柒
2019-10-14 14:31:44 - F:\GitHub\WebBiliapi\Bilibiliflat\Spiders\Bilibili\Scores.py - Get_index - 84 - INFO : 29:四人当众接吻！史上最狗血的土味视频！你敢进来挑战吗？！！！ 阿银哦哦
2019-10-14 14:31:45 - F:\GitHub\WebBiliapi\Bilibiliflat\Spiders\Bilibili\Scores.py - Get_index - 84 - INFO : 30:他演活了小丑，拒绝了漫威，还会唱跳RAP！ 努力的Lorre
2019-10-14 14:31:46 - F:\GitHub\WebBiliapi\Bilibiliflat\Spiders\Bilibili\Scores.py - Get_index - 84 - INFO : 31:这是一个你无法白嫖的视频！！ 燃の歌
2019-10-14 14:31:46 - F:\GitHub\WebBiliapi\Bilibiliflat\Spiders\Bilibili\Scores.py - Get_index - 84 - INFO : 32:三年前你看不上我，三年后你还是看不上我，难搞哦 新传考研要上岸
2019-10-14 14:31:47 - F:\GitHub\WebBiliapi\Bilibiliflat\Spiders\Bilibili\Scores.py - Get_index - 84 - INFO : 33:和认识三年的外国女网友见面，她一回头我懵了！ 波桑吃遍世界
2019-10-14 14:31:48 - F:\GitHub\WebBiliapi\Bilibiliflat\Spiders\Bilibili\Scores.py - Get_index - 84 - INFO : 34:[2019全球总决赛]10月12日小组赛 JT vs FPX 哔哩哔哩英雄联盟赛事
2019-10-14 14:31:49 - F:\GitHub\WebBiliapi\Bilibiliflat\Spiders\Bilibili\Scores.py - Get_index - 84 - INFO : 35:耗时1296000秒，相信我！十秒就能让你笑出声 zgiat
2019-10-14 14:31:50 - F:\GitHub\WebBiliapi\Bilibiliflat\Spiders\Bilibili\Scores.py - Get_index - 84 - INFO : 36:レーゾンデートル - Eve MV Eve_official
2019-10-14 14:31:51 - F:\GitHub\WebBiliapi\Bilibiliflat\Spiders\Bilibili\Scores.py - Get_index - 84 - INFO : 37:耗时七天七夜，感受这视觉巅峰！这才是视觉盛宴！ 白小纯2019
2019-10-14 14:31:51 - F:\GitHub\WebBiliapi\Bilibiliflat\Spiders\Bilibili\Scores.py - Get_index - 84 - INFO : 38:微表情分析【哈登】【肖华】是否说谎！一个15年老球迷的内心独白！【心灵侦探】 心灵侦探明柏辰
2019-10-14 14:31:52 - F:\GitHub\WebBiliapi\Bilibiliflat\Spiders\Bilibili\Scores.py - Get_index - 84 - INFO : 39:王老菊教你以物易物 怕上火暴王老菊
2019-10-14 14:31:53 - F:\GitHub\WebBiliapi\Bilibiliflat\Spiders\Bilibili\Scores.py - Get_index - 84 - INFO : 40:【阿斗】童年记忆！谁能想到这特效竟是22年前的，吊打某国产科幻！《星河战队》 阿斗归来了
2019-10-14 14:31:54 - F:\GitHub\WebBiliapi\Bilibiliflat\Spiders\Bilibili\Scores.py - Get_index - 84 - INFO : 41:一张纸对折13次就是世界纪录？小伙不相信，用地板大小的纸plus挑战纪录 W总动员
2019-10-14 14:31:55 - F:\GitHub\WebBiliapi\Bilibiliflat\Spiders\Bilibili\Scores.py - Get_index - 84 - INFO : 42:你很好，但对不起，我不买账——Mate 30 深度体验（超主观，不客观）「木羽体验报告」 木羽说科技
2019-10-14 14:31:55 - F:\GitHub\WebBiliapi\Bilibiliflat\Spiders\Bilibili\Scores.py - Get_index - 84 - INFO : 43:深夜网吧，我想要带你回家 惊天碉堡团
2019-10-14 14:31:56 - F:\GitHub\WebBiliapi\Bilibiliflat\Spiders\Bilibili\Scores.py - Get_index - 84 - INFO : 44:男朋友回国，全家贴满他的大头照！会发生什么？ 宝剑嫂
2019-10-14 14:31:57 - F:\GitHub\WebBiliapi\Bilibiliflat\Spiders\Bilibili\Scores.py - Get_index - 84 - INFO : 45:【盘点】国产游戏史上最无耻的抄袭TOP5 一坨陈糊糊
2019-10-14 14:31:58 - F:\GitHub\WebBiliapi\Bilibiliflat\Spiders\Bilibili\Scores.py - Get_index - 84 - INFO : 46:【C菌】比黑暗欺骗还难, 10个小时才通一关的泰国恐怖游戏《甜蜜之家》第二章实况, 中文字幕 渗透之C君
2019-10-14 14:31:59 - F:\GitHub\WebBiliapi\Bilibiliflat\Spiders\Bilibili\Scores.py - Get_index - 84 - INFO : 47:【中字】如果隔壁桌的男生跟四个恋人提分手 译制组长小哈板
2019-10-14 14:32:00 - F:\GitHub\WebBiliapi\Bilibiliflat\Spiders\Bilibili\Scores.py - Get_index - 84 - INFO : 48:《元气骑士》做了几天，只为一个让你说卧槽的连锁反应 zzz小周
2019-10-14 14:32:01 - F:\GitHub\WebBiliapi\Bilibiliflat\Spiders\Bilibili\Scores.py - Get_index - 84 - INFO : 49:【英雄联盟】2019全球总决赛MV《涅槃》 英雄联盟
2019-10-14 14:32:01 - F:\GitHub\WebBiliapi\Bilibiliflat\Spiders\Bilibili\Scores.py - Get_index - 84 - INFO : 50:【珍贵历史影像】苏 联 卫 国 战 争 陈阿颐
2019-10-14 14:32:02 - F:\GitHub\WebBiliapi\Bilibiliflat\Spiders\Bilibili\Scores.py - Get_index - 84 - INFO : 51:沙雕叫卖合集 宇宙最甜的我们
2019-10-14 14:32:03 - F:\GitHub\WebBiliapi\Bilibiliflat\Spiders\Bilibili\Scores.py - Get_index - 84 - INFO : 52:影 流 之 主 北极熊剩飯
2019-10-14 14:32:04 - F:\GitHub\WebBiliapi\Bilibiliflat\Spiders\Bilibili\Scores.py - Get_index - 84 - INFO : 53:杠精爸妈行为大赏 黄一刀有毒
2019-10-14 14:32:05 - F:\GitHub\WebBiliapi\Bilibiliflat\Spiders\Bilibili\Scores.py - Get_index - 84 - INFO : 54:蕉太狼：我jo太郎今天也要杀回羊！ 俺妹妹就是这么可爱
2019-10-14 14:32:06 - F:\GitHub\WebBiliapi\Bilibiliflat\Spiders\Bilibili\Scores.py - Get_index - 84 - INFO : 55:【派大星】李云龙接全明星电话（最骚版本） 叫我麻瓜吧
2019-10-14 14:32:06 - F:\GitHub\WebBiliapi\Bilibiliflat\Spiders\Bilibili\Scores.py - Get_index - 84 - INFO : 56:【全员女王/Queen】你应该看到我头戴王冠的样子 酒神杯子
2019-10-14 14:32:07 - F:\GitHub\WebBiliapi\Bilibiliflat\Spiders\Bilibili\Scores.py - Get_index - 84 - INFO : 57:【vivi】Miniskirt短裙AOA❤要一直喜欢我呀 壁花少女vi
2019-10-14 14:32:08 - F:\GitHub\WebBiliapi\Bilibiliflat\Spiders\Bilibili\Scores.py - Get_index - 84 - INFO : 58:靠谱盘点59：警惕！SKT秘密集训上单，隐藏大招曝光？LPL粉丝看完都慌了！ 靠谱电竞
2019-10-14 14:32:09 - F:\GitHub\WebBiliapi\Bilibiliflat\Spiders\Bilibili\Scores.py - Get_index - 84 - INFO : 59:这可能是每个有女盆友的男孩子最想做的事情 瘫倒的Aqua
2019-10-14 14:32:10 - F:\GitHub\WebBiliapi\Bilibiliflat\Spiders\Bilibili\Scores.py - Get_index - 84 - INFO : 60:吃饭喝水慎入！只有0.03%的人能忍住不笑的沙雕游戏挑战 靖菌命
2019-10-14 14:32:11 - F:\GitHub\WebBiliapi\Bilibiliflat\Spiders\Bilibili\Scores.py - Get_index - 84 - INFO : 61:100米速度对比：普通人均水平 VS 博尔特 &猎豹最快纪录 营养师RickysTime
2019-10-14 14:32:11 - F:\GitHub\WebBiliapi\Bilibiliflat\Spiders\Bilibili\Scores.py - Get_index - 84 - INFO : 62:这样说话的兄die肯定已经英年早逝了 七里咔嚓小魔王
2019-10-14 14:32:12 - F:\GitHub\WebBiliapi\Bilibiliflat\Spiders\Bilibili\Scores.py - Get_index - 84 - INFO : 63:果然“水鬼”太危险了 -尖耳朵的阿凡达弟弟-
2019-10-14 14:32:13 - F:\GitHub\WebBiliapi\Bilibiliflat\Spiders\Bilibili\Scores.py - Get_index - 84 - INFO : 64:这个玩具是要笑死我吗？ 亚巴拉辛巴
2019-10-14 14:32:14 - F:\GitHub\WebBiliapi\Bilibiliflat\Spiders\Bilibili\Scores.py - Get_index - 84 - INFO : 65:我要去打工了... 东尼ookii
2019-10-14 14:32:15 - F:\GitHub\WebBiliapi\Bilibiliflat\Spiders\Bilibili\Scores.py - Get_index - 84 - INFO : 66:【煮鸡时刻 第二季】第28期 拯救大兵杨树 天天卡牌
2019-10-14 14:32:16 - F:\GitHub\WebBiliapi\Bilibiliflat\Spiders\Bilibili\Scores.py - Get_index - 84 - INFO : 67:斥巨资试吃1699的烤乳猪！外酥里嫩，一口下去超满足！ 女胖胖
2019-10-14 14:32:16 - F:\GitHub\WebBiliapi\Bilibiliflat\Spiders\Bilibili\Scores.py - Get_index - 84 - INFO : 68:落魄美食大爷，在家只能喝全是虾的小米粥 结巴老爹
2019-10-14 14:32:17 - F:\GitHub\WebBiliapi\Bilibiliflat\Spiders\Bilibili\Scores.py - Get_index - 84 - INFO : 69:让普通人唱歌秒变歌神，百万声卡有多神奇？ 缸缸在干嘛
2019-10-14 14:32:18 - F:\GitHub\WebBiliapi\Bilibiliflat\Spiders\Bilibili\Scores.py - Get_index - 84 - INFO : 70:魔神诅咒的家族，最简单粗暴的密室杀人，魔神遗迹杀人事件 小饭中年事件簿
2019-10-14 14:32:19 - F:\GitHub\WebBiliapi\Bilibiliflat\Spiders\Bilibili\Scores.py - Get_index - 84 - INFO : 71:动画区UP主每天都在群里聊些啥？ 赫萝老师
2019-10-14 14:32:20 - F:\GitHub\WebBiliapi\Bilibiliflat\Spiders\Bilibili\Scores.py - Get_index - 84 - INFO : 72:【老番茄】我去做小管家啦！ 老番茄
2019-10-14 14:32:21 - F:\GitHub\WebBiliapi\Bilibiliflat\Spiders\Bilibili\Scores.py - Get_index - 84 - INFO : 73:【每天一遍，防止抑郁】看简介，欢迎白嫖.抖就完事了 200斤的老艾
2019-10-14 14:32:21 - F:\GitHub\WebBiliapi\Bilibiliflat\Spiders\Bilibili\Scores.py - Get_index - 84 - INFO : 74:【全明星rap】野狼disco 最骚版本 倒悬的橘子
2019-10-14 14:32:22 - F:\GitHub\WebBiliapi\Bilibiliflat\Spiders\Bilibili\Scores.py - Get_index - 84 - INFO : 75:压抑到极致的瞬间燃爆！！！我拯救了世界 世界却抛弃了我 在下蕾姆有何贵干
2019-10-14 14:32:23 - F:\GitHub\WebBiliapi\Bilibiliflat\Spiders\Bilibili\Scores.py - Get_index - 84 - INFO : 76:【大仙全家桶】火坑还能分男女？周瑜双倍灼烧的秘诀，雌雄双炎定点爆破！ 指法芬芳张大仙
2019-10-14 14:32:24 - F:\GitHub\WebBiliapi\Bilibiliflat\Spiders\Bilibili\Scores.py - Get_index - 84 - INFO : 77:【党妹】涨粉的千层套路 喜欢生气的小博士
2019-10-14 14:32:25 - F:\GitHub\WebBiliapi\Bilibiliflat\Spiders\Bilibili\Scores.py - Get_index - 84 - INFO : 78:史上最垃圾的翻页动画2 （不三连你对得起我这1500帧吗） BH_无极crazy
2019-10-14 14:32:26 - F:\GitHub\WebBiliapi\Bilibiliflat\Spiders\Bilibili\Scores.py - Get_index - 84 - INFO : 79:再玩剁手！4个方法帮你戒掉手机专心学习 蜡笔和小勋
2019-10-14 14:32:26 - F:\GitHub\WebBiliapi\Bilibiliflat\Spiders\Bilibili\Scores.py - Get_index - 84 - INFO : 80:金洋兄弟：哥哥们带我去山上玩，摘了一点果子，顺便再砍了一根竹子回来 金洋兄弟
2019-10-14 14:32:27 - F:\GitHub\WebBiliapi\Bilibiliflat\Spiders\Bilibili\Scores.py - Get_index - 84 - INFO : 81:男子面基10年未见的小学女同学 会发生什么？ 太二蜀黍Black
2019-10-14 14:32:28 - F:\GitHub\WebBiliapi\Bilibiliflat\Spiders\Bilibili\Scores.py - Get_index - 84 - INFO : 82:满足你的好奇心！淘宝买一包外国硬币都能开出什么？ 冷月菌
2019-10-14 14:32:29 - F:\GitHub\WebBiliapi\Bilibiliflat\Spiders\Bilibili\Scores.py - Get_index - 84 - INFO : 83:潜入24小时不关门的餐厅！里面竟然还有免费网吧！ 力元君
2019-10-14 14:32:30 - F:\GitHub\WebBiliapi\Bilibiliflat\Spiders\Bilibili\Scores.py - Get_index - 84 - INFO : 84:【陈乐一】犬舍乐队《曾经我也想过一了百了》 bili_Y菌
2019-10-14 14:32:31 - F:\GitHub\WebBiliapi\Bilibiliflat\Spiders\Bilibili\Scores.py - Get_index - 84 - INFO : 85:播音系师哥教你如何让“声音变得更加好听”，一学就会！一用就灵，不灵不要币！拒绝声卡战士！ 高冷小姜
2019-10-14 14:32:31 - F:\GitHub\WebBiliapi\Bilibiliflat\Spiders\Bilibili\Scores.py - Get_index - 84 - INFO : 86:【婊气群像】装什么小白菜，老娘就是狐狸王 荔枝力力
2019-10-14 14:32:32 - F:\GitHub\WebBiliapi\Bilibiliflat\Spiders\Bilibili\Scores.py - Get_index - 84 - INFO : 87:【STN快报第四季15】如果游戏圈也有和平奖，那得主一定是万代 STN工作室
2019-10-14 14:32:33 - F:\GitHub\WebBiliapi\Bilibiliflat\Spiders\Bilibili\Scores.py - Get_index - 84 - INFO : 88:85年的阿姨了解一下~ 丁勾_matina
2019-10-14 14:32:34 - F:\GitHub\WebBiliapi\Bilibiliflat\Spiders\Bilibili\Scores.py - Get_index - 84 - INFO : 89:爆笑吐槽史上最恶心网络小说！！！ 阿漫啊阿漫
2019-10-14 14:32:35 - F:\GitHub\WebBiliapi\Bilibiliflat\Spiders\Bilibili\Scores.py - Get_index - 84 - INFO : 90:“俄航的空姐老太太，真老真磕碜” 拆哪嬉皮士
2019-10-14 14:32:36 - F:\GitHub\WebBiliapi\Bilibiliflat\Spiders\Bilibili\Scores.py - Get_index - 84 - INFO : 91:鬼灭之刃沙雕对唱 小白新葵花
2019-10-14 14:32:36 - F:\GitHub\WebBiliapi\Bilibiliflat\Spiders\Bilibili\Scores.py - Get_index - 84 - INFO : 92:【盘点】男人的快乐就是这么简单！高能沙雕合集！ 皮皮侠1号
2019-10-14 14:32:37 - F:\GitHub\WebBiliapi\Bilibiliflat\Spiders\Bilibili\Scores.py - Get_index - 84 - INFO : 93:奶音版《野狼disco》——【多多翻唱】 多多poi丶
2019-10-14 14:32:38 - F:\GitHub\WebBiliapi\Bilibiliflat\Spiders\Bilibili\Scores.py - Get_index - 84 - INFO : 94:【云顶之弈】五秒一刀，最低攻速现身云顶 靠脸吃饭的徐大王
2019-10-14 14:32:39 - F:\GitHub\WebBiliapi\Bilibiliflat\Spiders\Bilibili\Scores.py - Get_index - 84 - INFO : 95:手绘cxk打篮球 菜菜的手工
2019-10-14 14:32:40 - F:\GitHub\WebBiliapi\Bilibiliflat\Spiders\Bilibili\Scores.py - Get_index - 84 - INFO : 96:【睡前消息28】为了解释无锡立交桥事故，先回同济补课！ 观视频工作室
2019-10-14 14:32:41 - F:\GitHub\WebBiliapi\Bilibiliflat\Spiders\Bilibili\Scores.py - Get_index - 84 - INFO : 97:动漫里才有的腿 妖精中的小妖
2019-10-14 14:32:42 - F:\GitHub\WebBiliapi\Bilibiliflat\Spiders\Bilibili\Scores.py - Get_index - 84 - INFO : 98:网购2只“比利时野兔”据说可以养到十几斤，小伙直接搭窝伺候！ 熊乐乐大魔王
2019-10-14 14:32:42 - F:\GitHub\WebBiliapi\Bilibiliflat\Spiders\Bilibili\Scores.py - Get_index - 84 - INFO : 99:史诗高能衔接！当我解开束缚的一刻，全世界将无人能与我为敌！ KILLER伍六七
2019-10-14 14:32:43 - F:\GitHub\WebBiliapi\Bilibiliflat\Spiders\Bilibili\Scores.py - Get_index - 84 - INFO : 100:定制透明猫砂盆，多机位偷拍猫拉粑粑，享受猫在你头上3D环尿！ 花花与三猫CatLive
