2019-10-03 13:15:50 - F:\GitHub\WebBiliapi\Bilibiliflat\Mysql.py - Insert_args - 29 - DEBUG : INSERT INTO Videos (aid,cid,href,rank,dates,times,weeks,score,title,tname,owner,ownid,owurl,views,danmu,reply,favou,coins,share,likes,ctime,length,imgurl) VALUES (%s,%s,%s,%s,%s,%s,%s,%s,%s,%s,%s,%s,%s,%s,%s,%s,%s,%s,%s,%s,%s,%s,%s)
2019-10-03 13:15:50 - F:\GitHub\WebBiliapi\Bilibiliflat\Mysql.py - Insert_args - 39 - INFO : 正在插入数据...
2019-10-03 13:15:50 - F:\GitHub\WebBiliapi\Bilibiliflat\Mysql.py - Insert_args - 40 - INFO : INSERT INTO Videos (aid,cid,href,rank,dates,times,weeks,score,title,tname,owner,ownid,owurl,views,danmu,reply,favou,coins,share,likes,ctime,length,imgurl) VALUES (%s,%s,%s,%s,%s,%s,%s,%s,%s,%s,%s,%s,%s,%s,%s,%s,%s,%s,%s,%s,%s,%s,%s)
2019-10-03 13:15:51 - F:\GitHub\WebBiliapi\Bilibiliflat\Mysql.py - Insert_args - 43 - INFO : 插入完成
2019-10-03 13:15:56 - F:\GitHub\WebBiliapi\Bilibiliflat\Mysql.py - Insert_args - 29 - DEBUG : INSERT INTO Videos (aid,cid,href,rank,dates,times,weeks,score,title,tname,owner,ownid,owurl,views,danmu,reply,favou,coins,share,likes,ctime,length,imgurl) VALUES (%s,%s,%s,%s,%s,%s,%s,%s,%s,%s,%s,%s,%s,%s,%s,%s,%s,%s,%s,%s,%s,%s,%s)
2019-10-03 13:15:56 - F:\GitHub\WebBiliapi\Bilibiliflat\Mysql.py - Insert_args - 39 - INFO : 正在插入数据...
2019-10-03 13:15:56 - F:\GitHub\WebBiliapi\Bilibiliflat\Mysql.py - Insert_args - 40 - INFO : INSERT INTO Videos (aid,cid,href,rank,dates,times,weeks,score,title,tname,owner,ownid,owurl,views,danmu,reply,favou,coins,share,likes,ctime,length,imgurl) VALUES (%s,%s,%s,%s,%s,%s,%s,%s,%s,%s,%s,%s,%s,%s,%s,%s,%s,%s,%s,%s,%s,%s,%s)
2019-10-03 13:15:57 - F:\GitHub\WebBiliapi\Bilibiliflat\Mysql.py - Insert_args - 43 - INFO : 插入完成
2019-10-03 13:16:00 - F:\GitHub\WebBiliapi\Bilibiliflat\Mysql.py - Insert_args - 29 - DEBUG : INSERT INTO Videos (aid,cid,href,rank,dates,times,weeks,score,title,tname,owner,ownid,owurl,views,danmu,reply,favou,coins,share,likes,ctime,length,imgurl) VALUES (%s,%s,%s,%s,%s,%s,%s,%s,%s,%s,%s,%s,%s,%s,%s,%s,%s,%s,%s,%s,%s,%s,%s)
2019-10-03 13:16:00 - F:\GitHub\WebBiliapi\Bilibiliflat\Mysql.py - Insert_args - 39 - INFO : 正在插入数据...
2019-10-03 13:16:00 - F:\GitHub\WebBiliapi\Bilibiliflat\Mysql.py - Insert_args - 40 - INFO : INSERT INTO Videos (aid,cid,href,rank,dates,times,weeks,score,title,tname,owner,ownid,owurl,views,danmu,reply,favou,coins,share,likes,ctime,length,imgurl) VALUES (%s,%s,%s,%s,%s,%s,%s,%s,%s,%s,%s,%s,%s,%s,%s,%s,%s,%s,%s,%s,%s,%s,%s)
2019-10-03 13:16:00 - F:\GitHub\WebBiliapi\Bilibiliflat\Mysql.py - Insert_args - 43 - INFO : 插入完成
2019-10-03 13:16:03 - F:\GitHub\WebBiliapi\Bilibiliflat\Mysql.py - Insert_args - 29 - DEBUG : INSERT INTO Videos (aid,cid,href,rank,dates,times,weeks,score,title,tname,owner,ownid,owurl,views,danmu,reply,favou,coins,share,likes,ctime,length,imgurl) VALUES (%s,%s,%s,%s,%s,%s,%s,%s,%s,%s,%s,%s,%s,%s,%s,%s,%s,%s,%s,%s,%s,%s,%s)
2019-10-03 13:16:03 - F:\GitHub\WebBiliapi\Bilibiliflat\Mysql.py - Insert_args - 39 - INFO : 正在插入数据...
2019-10-03 13:16:03 - F:\GitHub\WebBiliapi\Bilibiliflat\Mysql.py - Insert_args - 40 - INFO : INSERT INTO Videos (aid,cid,href,rank,dates,times,weeks,score,title,tname,owner,ownid,owurl,views,danmu,reply,favou,coins,share,likes,ctime,length,imgurl) VALUES (%s,%s,%s,%s,%s,%s,%s,%s,%s,%s,%s,%s,%s,%s,%s,%s,%s,%s,%s,%s,%s,%s,%s)
2019-10-03 13:16:04 - F:\GitHub\WebBiliapi\Bilibiliflat\Mysql.py - Insert_args - 43 - INFO : 插入完成
2019-10-03 13:31:46 - F:\GitHub\WebBiliapi\Bilibiliflat\Mysql.py - Insert_args - 29 - DEBUG : INSERT INTO Videos (aid,cid,href,rank,dates,times,weeks,score,title,tname,owner,ownid,owurl,views,danmu,reply,favou,coins,share,likes,ctime,length,imgurl) VALUES (%s,%s,%s,%s,%s,%s,%s,%s,%s,%s,%s,%s,%s,%s,%s,%s,%s,%s,%s,%s,%s,%s,%s)
2019-10-03 13:31:46 - F:\GitHub\WebBiliapi\Bilibiliflat\Mysql.py - Insert_args - 39 - INFO : 正在插入数据...
2019-10-03 13:31:46 - F:\GitHub\WebBiliapi\Bilibiliflat\Mysql.py - Insert_args - 40 - INFO : INSERT INTO Videos (aid,cid,href,rank,dates,times,weeks,score,title,tname,owner,ownid,owurl,views,danmu,reply,favou,coins,share,likes,ctime,length,imgurl) VALUES (%s,%s,%s,%s,%s,%s,%s,%s,%s,%s,%s,%s,%s,%s,%s,%s,%s,%s,%s,%s,%s,%s,%s)
2019-10-03 13:31:47 - F:\GitHub\WebBiliapi\Bilibiliflat\Mysql.py - Insert_args - 43 - INFO : 插入完成
2019-10-03 13:31:50 - F:\GitHub\WebBiliapi\Bilibiliflat\Mysql.py - Insert_args - 29 - DEBUG : INSERT INTO Videos (aid,cid,href,rank,dates,times,weeks,score,title,tname,owner,ownid,owurl,views,danmu,reply,favou,coins,share,likes,ctime,length,imgurl) VALUES (%s,%s,%s,%s,%s,%s,%s,%s,%s,%s,%s,%s,%s,%s,%s,%s,%s,%s,%s,%s,%s,%s,%s)
2019-10-03 13:31:50 - F:\GitHub\WebBiliapi\Bilibiliflat\Mysql.py - Insert_args - 39 - INFO : 正在插入数据...
2019-10-03 13:31:50 - F:\GitHub\WebBiliapi\Bilibiliflat\Mysql.py - Insert_args - 40 - INFO : INSERT INTO Videos (aid,cid,href,rank,dates,times,weeks,score,title,tname,owner,ownid,owurl,views,danmu,reply,favou,coins,share,likes,ctime,length,imgurl) VALUES (%s,%s,%s,%s,%s,%s,%s,%s,%s,%s,%s,%s,%s,%s,%s,%s,%s,%s,%s,%s,%s,%s,%s)
2019-10-03 13:31:51 - F:\GitHub\WebBiliapi\Bilibiliflat\Mysql.py - Insert_args - 43 - INFO : 插入完成
2019-10-03 13:31:54 - F:\GitHub\WebBiliapi\Bilibiliflat\Mysql.py - Insert_args - 29 - DEBUG : INSERT INTO Videos (aid,cid,href,rank,dates,times,weeks,score,title,tname,owner,ownid,owurl,views,danmu,reply,favou,coins,share,likes,ctime,length,imgurl) VALUES (%s,%s,%s,%s,%s,%s,%s,%s,%s,%s,%s,%s,%s,%s,%s,%s,%s,%s,%s,%s,%s,%s,%s)
2019-10-03 13:31:54 - F:\GitHub\WebBiliapi\Bilibiliflat\Mysql.py - Insert_args - 39 - INFO : 正在插入数据...
2019-10-03 13:31:54 - F:\GitHub\WebBiliapi\Bilibiliflat\Mysql.py - Insert_args - 40 - INFO : INSERT INTO Videos (aid,cid,href,rank,dates,times,weeks,score,title,tname,owner,ownid,owurl,views,danmu,reply,favou,coins,share,likes,ctime,length,imgurl) VALUES (%s,%s,%s,%s,%s,%s,%s,%s,%s,%s,%s,%s,%s,%s,%s,%s,%s,%s,%s,%s,%s,%s,%s)
2019-10-03 13:31:54 - F:\GitHub\WebBiliapi\Bilibiliflat\Mysql.py - Insert_args - 43 - INFO : 插入完成
2019-10-03 13:31:57 - F:\GitHub\WebBiliapi\Bilibiliflat\Mysql.py - Insert_args - 29 - DEBUG : INSERT INTO Videos (aid,cid,href,rank,dates,times,weeks,score,title,tname,owner,ownid,owurl,views,danmu,reply,favou,coins,share,likes,ctime,length,imgurl) VALUES (%s,%s,%s,%s,%s,%s,%s,%s,%s,%s,%s,%s,%s,%s,%s,%s,%s,%s,%s,%s,%s,%s,%s)
2019-10-03 13:31:57 - F:\GitHub\WebBiliapi\Bilibiliflat\Mysql.py - Insert_args - 39 - INFO : 正在插入数据...
2019-10-03 13:31:57 - F:\GitHub\WebBiliapi\Bilibiliflat\Mysql.py - Insert_args - 40 - INFO : INSERT INTO Videos (aid,cid,href,rank,dates,times,weeks,score,title,tname,owner,ownid,owurl,views,danmu,reply,favou,coins,share,likes,ctime,length,imgurl) VALUES (%s,%s,%s,%s,%s,%s,%s,%s,%s,%s,%s,%s,%s,%s,%s,%s,%s,%s,%s,%s,%s,%s,%s)
2019-10-03 13:31:58 - F:\GitHub\WebBiliapi\Bilibiliflat\Mysql.py - Insert_args - 43 - INFO : 插入完成
2019-10-03 14:02:22 - F:\GitHub\WebBiliapi\Bilibiliflat\Mysql.py - Insert_args - 29 - DEBUG : INSERT INTO Videos (aid,cid,href,rank,dates,times,weeks,score,title,tname,owner,ownid,owurl,views,danmu,reply,favou,coins,share,likes,ctime,length,imgurl) VALUES (%s,%s,%s,%s,%s,%s,%s,%s,%s,%s,%s,%s,%s,%s,%s,%s,%s,%s,%s,%s,%s,%s,%s)
2019-10-03 14:02:22 - F:\GitHub\WebBiliapi\Bilibiliflat\Mysql.py - Insert_args - 39 - INFO : 正在插入数据...
2019-10-03 14:02:22 - F:\GitHub\WebBiliapi\Bilibiliflat\Mysql.py - Insert_args - 40 - INFO : INSERT INTO Videos (aid,cid,href,rank,dates,times,weeks,score,title,tname,owner,ownid,owurl,views,danmu,reply,favou,coins,share,likes,ctime,length,imgurl) VALUES (%s,%s,%s,%s,%s,%s,%s,%s,%s,%s,%s,%s,%s,%s,%s,%s,%s,%s,%s,%s,%s,%s,%s)
2019-10-03 14:02:23 - F:\GitHub\WebBiliapi\Bilibiliflat\Mysql.py - Insert_args - 43 - INFO : 插入完成
2019-10-03 14:02:26 - F:\GitHub\WebBiliapi\Bilibiliflat\Mysql.py - Insert_args - 29 - DEBUG : INSERT INTO Videos (aid,cid,href,rank,dates,times,weeks,score,title,tname,owner,ownid,owurl,views,danmu,reply,favou,coins,share,likes,ctime,length,imgurl) VALUES (%s,%s,%s,%s,%s,%s,%s,%s,%s,%s,%s,%s,%s,%s,%s,%s,%s,%s,%s,%s,%s,%s,%s)
2019-10-03 14:02:26 - F:\GitHub\WebBiliapi\Bilibiliflat\Mysql.py - Insert_args - 39 - INFO : 正在插入数据...
2019-10-03 14:02:26 - F:\GitHub\WebBiliapi\Bilibiliflat\Mysql.py - Insert_args - 40 - INFO : INSERT INTO Videos (aid,cid,href,rank,dates,times,weeks,score,title,tname,owner,ownid,owurl,views,danmu,reply,favou,coins,share,likes,ctime,length,imgurl) VALUES (%s,%s,%s,%s,%s,%s,%s,%s,%s,%s,%s,%s,%s,%s,%s,%s,%s,%s,%s,%s,%s,%s,%s)
2019-10-03 14:02:27 - F:\GitHub\WebBiliapi\Bilibiliflat\Mysql.py - Insert_args - 43 - INFO : 插入完成
2019-10-03 14:02:30 - F:\GitHub\WebBiliapi\Bilibiliflat\Mysql.py - Insert_args - 29 - DEBUG : INSERT INTO Videos (aid,cid,href,rank,dates,times,weeks,score,title,tname,owner,ownid,owurl,views,danmu,reply,favou,coins,share,likes,ctime,length,imgurl) VALUES (%s,%s,%s,%s,%s,%s,%s,%s,%s,%s,%s,%s,%s,%s,%s,%s,%s,%s,%s,%s,%s,%s,%s)
2019-10-03 14:02:30 - F:\GitHub\WebBiliapi\Bilibiliflat\Mysql.py - Insert_args - 39 - INFO : 正在插入数据...
2019-10-03 14:02:30 - F:\GitHub\WebBiliapi\Bilibiliflat\Mysql.py - Insert_args - 40 - INFO : INSERT INTO Videos (aid,cid,href,rank,dates,times,weeks,score,title,tname,owner,ownid,owurl,views,danmu,reply,favou,coins,share,likes,ctime,length,imgurl) VALUES (%s,%s,%s,%s,%s,%s,%s,%s,%s,%s,%s,%s,%s,%s,%s,%s,%s,%s,%s,%s,%s,%s,%s)
2019-10-03 14:02:31 - F:\GitHub\WebBiliapi\Bilibiliflat\Mysql.py - Insert_args - 43 - INFO : 插入完成
2019-10-03 14:02:33 - F:\GitHub\WebBiliapi\Bilibiliflat\Mysql.py - Insert_args - 29 - DEBUG : INSERT INTO Videos (aid,cid,href,rank,dates,times,weeks,score,title,tname,owner,ownid,owurl,views,danmu,reply,favou,coins,share,likes,ctime,length,imgurl) VALUES (%s,%s,%s,%s,%s,%s,%s,%s,%s,%s,%s,%s,%s,%s,%s,%s,%s,%s,%s,%s,%s,%s,%s)
2019-10-03 14:02:33 - F:\GitHub\WebBiliapi\Bilibiliflat\Mysql.py - Insert_args - 39 - INFO : 正在插入数据...
2019-10-03 14:02:33 - F:\GitHub\WebBiliapi\Bilibiliflat\Mysql.py - Insert_args - 40 - INFO : INSERT INTO Videos (aid,cid,href,rank,dates,times,weeks,score,title,tname,owner,ownid,owurl,views,danmu,reply,favou,coins,share,likes,ctime,length,imgurl) VALUES (%s,%s,%s,%s,%s,%s,%s,%s,%s,%s,%s,%s,%s,%s,%s,%s,%s,%s,%s,%s,%s,%s,%s)
2019-10-03 14:02:34 - F:\GitHub\WebBiliapi\Bilibiliflat\Mysql.py - Insert_args - 43 - INFO : 插入完成
2019-10-03 14:05:19 - F:\GitHub\WebBiliapi\Bilibiliflat\Mysql.py - Insert_args - 29 - DEBUG : INSERT INTO Videos (aid,cid,href,rank,dates,times,weeks,score,title,tname,owner,ownid,owurl,views,danmu,reply,favou,coins,share,likes,ctime,length,imgurl) VALUES (%s,%s,%s,%s,%s,%s,%s,%s,%s,%s,%s,%s,%s,%s,%s,%s,%s,%s,%s,%s,%s,%s,%s)
2019-10-03 14:05:19 - F:\GitHub\WebBiliapi\Bilibiliflat\Mysql.py - Insert_args - 39 - INFO : 正在插入数据...
2019-10-03 14:05:19 - F:\GitHub\WebBiliapi\Bilibiliflat\Mysql.py - Insert_args - 40 - INFO : INSERT INTO Videos (aid,cid,href,rank,dates,times,weeks,score,title,tname,owner,ownid,owurl,views,danmu,reply,favou,coins,share,likes,ctime,length,imgurl) VALUES (%s,%s,%s,%s,%s,%s,%s,%s,%s,%s,%s,%s,%s,%s,%s,%s,%s,%s,%s,%s,%s,%s,%s)
2019-10-03 14:05:20 - F:\GitHub\WebBiliapi\Bilibiliflat\Mysql.py - Insert_args - 43 - INFO : 插入完成
2019-10-03 14:05:23 - F:\GitHub\WebBiliapi\Bilibiliflat\Mysql.py - Insert_args - 29 - DEBUG : INSERT INTO Videos (aid,cid,href,rank,dates,times,weeks,score,title,tname,owner,ownid,owurl,views,danmu,reply,favou,coins,share,likes,ctime,length,imgurl) VALUES (%s,%s,%s,%s,%s,%s,%s,%s,%s,%s,%s,%s,%s,%s,%s,%s,%s,%s,%s,%s,%s,%s,%s)
2019-10-03 14:05:23 - F:\GitHub\WebBiliapi\Bilibiliflat\Mysql.py - Insert_args - 39 - INFO : 正在插入数据...
2019-10-03 14:05:23 - F:\GitHub\WebBiliapi\Bilibiliflat\Mysql.py - Insert_args - 40 - INFO : INSERT INTO Videos (aid,cid,href,rank,dates,times,weeks,score,title,tname,owner,ownid,owurl,views,danmu,reply,favou,coins,share,likes,ctime,length,imgurl) VALUES (%s,%s,%s,%s,%s,%s,%s,%s,%s,%s,%s,%s,%s,%s,%s,%s,%s,%s,%s,%s,%s,%s,%s)
2019-10-03 14:05:24 - F:\GitHub\WebBiliapi\Bilibiliflat\Mysql.py - Insert_args - 43 - INFO : 插入完成
2019-10-03 14:05:28 - F:\GitHub\WebBiliapi\Bilibiliflat\Mysql.py - Insert_args - 29 - DEBUG : INSERT INTO Videos (aid,cid,href,rank,dates,times,weeks,score,title,tname,owner,ownid,owurl,views,danmu,reply,favou,coins,share,likes,ctime,length,imgurl) VALUES (%s,%s,%s,%s,%s,%s,%s,%s,%s,%s,%s,%s,%s,%s,%s,%s,%s,%s,%s,%s,%s,%s,%s)
2019-10-03 14:05:28 - F:\GitHub\WebBiliapi\Bilibiliflat\Mysql.py - Insert_args - 39 - INFO : 正在插入数据...
2019-10-03 14:05:28 - F:\GitHub\WebBiliapi\Bilibiliflat\Mysql.py - Insert_args - 40 - INFO : INSERT INTO Videos (aid,cid,href,rank,dates,times,weeks,score,title,tname,owner,ownid,owurl,views,danmu,reply,favou,coins,share,likes,ctime,length,imgurl) VALUES (%s,%s,%s,%s,%s,%s,%s,%s,%s,%s,%s,%s,%s,%s,%s,%s,%s,%s,%s,%s,%s,%s,%s)
2019-10-03 14:05:29 - F:\GitHub\WebBiliapi\Bilibiliflat\Mysql.py - Insert_args - 43 - INFO : 插入完成
2019-10-03 14:05:31 - F:\GitHub\WebBiliapi\Bilibiliflat\Mysql.py - Insert_args - 29 - DEBUG : INSERT INTO Videos (aid,cid,href,rank,dates,times,weeks,score,title,tname,owner,ownid,owurl,views,danmu,reply,favou,coins,share,likes,ctime,length,imgurl) VALUES (%s,%s,%s,%s,%s,%s,%s,%s,%s,%s,%s,%s,%s,%s,%s,%s,%s,%s,%s,%s,%s,%s,%s)
2019-10-03 14:05:31 - F:\GitHub\WebBiliapi\Bilibiliflat\Mysql.py - Insert_args - 39 - INFO : 正在插入数据...
2019-10-03 14:05:31 - F:\GitHub\WebBiliapi\Bilibiliflat\Mysql.py - Insert_args - 40 - INFO : INSERT INTO Videos (aid,cid,href,rank,dates,times,weeks,score,title,tname,owner,ownid,owurl,views,danmu,reply,favou,coins,share,likes,ctime,length,imgurl) VALUES (%s,%s,%s,%s,%s,%s,%s,%s,%s,%s,%s,%s,%s,%s,%s,%s,%s,%s,%s,%s,%s,%s,%s)
2019-10-03 14:05:32 - F:\GitHub\WebBiliapi\Bilibiliflat\Mysql.py - Insert_args - 43 - INFO : 插入完成
2019-10-03 14:05:59 - F:\GitHub\WebBiliapi\Bilibiliflat\Mysql.py - Insert_args - 29 - DEBUG : INSERT INTO Videos (aid,cid,href,rank,dates,times,weeks,score,title,tname,owner,ownid,owurl,views,danmu,reply,favou,coins,share,likes,ctime,length,imgurl) VALUES (%s,%s,%s,%s,%s,%s,%s,%s,%s,%s,%s,%s,%s,%s,%s,%s,%s,%s,%s,%s,%s,%s,%s)
2019-10-03 14:05:59 - F:\GitHub\WebBiliapi\Bilibiliflat\Mysql.py - Insert_args - 39 - INFO : 正在插入数据...
2019-10-03 14:05:59 - F:\GitHub\WebBiliapi\Bilibiliflat\Mysql.py - Insert_args - 40 - INFO : INSERT INTO Videos (aid,cid,href,rank,dates,times,weeks,score,title,tname,owner,ownid,owurl,views,danmu,reply,favou,coins,share,likes,ctime,length,imgurl) VALUES (%s,%s,%s,%s,%s,%s,%s,%s,%s,%s,%s,%s,%s,%s,%s,%s,%s,%s,%s,%s,%s,%s,%s)
2019-10-03 14:06:00 - F:\GitHub\WebBiliapi\Bilibiliflat\Mysql.py - Insert_args - 43 - INFO : 插入完成
2019-10-03 14:06:02 - F:\GitHub\WebBiliapi\Bilibiliflat\Mysql.py - Insert_args - 29 - DEBUG : INSERT INTO Videos (aid,cid,href,rank,dates,times,weeks,score,title,tname,owner,ownid,owurl,views,danmu,reply,favou,coins,share,likes,ctime,length,imgurl) VALUES (%s,%s,%s,%s,%s,%s,%s,%s,%s,%s,%s,%s,%s,%s,%s,%s,%s,%s,%s,%s,%s,%s,%s)
2019-10-03 14:06:02 - F:\GitHub\WebBiliapi\Bilibiliflat\Mysql.py - Insert_args - 39 - INFO : 正在插入数据...
2019-10-03 14:06:02 - F:\GitHub\WebBiliapi\Bilibiliflat\Mysql.py - Insert_args - 40 - INFO : INSERT INTO Videos (aid,cid,href,rank,dates,times,weeks,score,title,tname,owner,ownid,owurl,views,danmu,reply,favou,coins,share,likes,ctime,length,imgurl) VALUES (%s,%s,%s,%s,%s,%s,%s,%s,%s,%s,%s,%s,%s,%s,%s,%s,%s,%s,%s,%s,%s,%s,%s)
2019-10-03 14:06:03 - F:\GitHub\WebBiliapi\Bilibiliflat\Mysql.py - Insert_args - 43 - INFO : 插入完成
2019-10-03 14:06:06 - F:\GitHub\WebBiliapi\Bilibiliflat\Mysql.py - Insert_args - 29 - DEBUG : INSERT INTO Videos (aid,cid,href,rank,dates,times,weeks,score,title,tname,owner,ownid,owurl,views,danmu,reply,favou,coins,share,likes,ctime,length,imgurl) VALUES (%s,%s,%s,%s,%s,%s,%s,%s,%s,%s,%s,%s,%s,%s,%s,%s,%s,%s,%s,%s,%s,%s,%s)
2019-10-03 14:06:06 - F:\GitHub\WebBiliapi\Bilibiliflat\Mysql.py - Insert_args - 39 - INFO : 正在插入数据...
2019-10-03 14:06:06 - F:\GitHub\WebBiliapi\Bilibiliflat\Mysql.py - Insert_args - 40 - INFO : INSERT INTO Videos (aid,cid,href,rank,dates,times,weeks,score,title,tname,owner,ownid,owurl,views,danmu,reply,favou,coins,share,likes,ctime,length,imgurl) VALUES (%s,%s,%s,%s,%s,%s,%s,%s,%s,%s,%s,%s,%s,%s,%s,%s,%s,%s,%s,%s,%s,%s,%s)
2019-10-03 14:06:07 - F:\GitHub\WebBiliapi\Bilibiliflat\Mysql.py - Insert_args - 43 - INFO : 插入完成
2019-10-03 14:06:10 - F:\GitHub\WebBiliapi\Bilibiliflat\Mysql.py - Insert_args - 29 - DEBUG : INSERT INTO Videos (aid,cid,href,rank,dates,times,weeks,score,title,tname,owner,ownid,owurl,views,danmu,reply,favou,coins,share,likes,ctime,length,imgurl) VALUES (%s,%s,%s,%s,%s,%s,%s,%s,%s,%s,%s,%s,%s,%s,%s,%s,%s,%s,%s,%s,%s,%s,%s)
2019-10-03 14:06:10 - F:\GitHub\WebBiliapi\Bilibiliflat\Mysql.py - Insert_args - 39 - INFO : 正在插入数据...
2019-10-03 14:06:10 - F:\GitHub\WebBiliapi\Bilibiliflat\Mysql.py - Insert_args - 40 - INFO : INSERT INTO Videos (aid,cid,href,rank,dates,times,weeks,score,title,tname,owner,ownid,owurl,views,danmu,reply,favou,coins,share,likes,ctime,length,imgurl) VALUES (%s,%s,%s,%s,%s,%s,%s,%s,%s,%s,%s,%s,%s,%s,%s,%s,%s,%s,%s,%s,%s,%s,%s)
2019-10-03 14:06:11 - F:\GitHub\WebBiliapi\Bilibiliflat\Mysql.py - Insert_args - 43 - INFO : 插入完成
2019-10-03 14:09:15 - F:\GitHub\WebBiliapi\Bilibiliflat\Mysql.py - Insert_args - 29 - DEBUG : INSERT INTO Videos (aid,cid,href,rank,dates,times,weeks,score,title,tname,owner,ownid,owurl,views,danmu,reply,favou,coins,share,likes,ctime,length,imgurl) VALUES (%s,%s,%s,%s,%s,%s,%s,%s,%s,%s,%s,%s,%s,%s,%s,%s,%s,%s,%s,%s,%s,%s,%s)
2019-10-03 14:09:15 - F:\GitHub\WebBiliapi\Bilibiliflat\Mysql.py - Insert_args - 39 - INFO : 正在插入数据...
2019-10-03 14:09:15 - F:\GitHub\WebBiliapi\Bilibiliflat\Mysql.py - Insert_args - 40 - INFO : INSERT INTO Videos (aid,cid,href,rank,dates,times,weeks,score,title,tname,owner,ownid,owurl,views,danmu,reply,favou,coins,share,likes,ctime,length,imgurl) VALUES (%s,%s,%s,%s,%s,%s,%s,%s,%s,%s,%s,%s,%s,%s,%s,%s,%s,%s,%s,%s,%s,%s,%s)
2019-10-03 14:09:16 - F:\GitHub\WebBiliapi\Bilibiliflat\Mysql.py - Insert_args - 43 - INFO : 插入完成
2019-10-03 14:09:18 - F:\GitHub\WebBiliapi\Bilibiliflat\Mysql.py - Insert_args - 29 - DEBUG : INSERT INTO Videos (aid,cid,href,rank,dates,times,weeks,score,title,tname,owner,ownid,owurl,views,danmu,reply,favou,coins,share,likes,ctime,length,imgurl) VALUES (%s,%s,%s,%s,%s,%s,%s,%s,%s,%s,%s,%s,%s,%s,%s,%s,%s,%s,%s,%s,%s,%s,%s)
2019-10-03 14:09:18 - F:\GitHub\WebBiliapi\Bilibiliflat\Mysql.py - Insert_args - 39 - INFO : 正在插入数据...
2019-10-03 14:09:18 - F:\GitHub\WebBiliapi\Bilibiliflat\Mysql.py - Insert_args - 40 - INFO : INSERT INTO Videos (aid,cid,href,rank,dates,times,weeks,score,title,tname,owner,ownid,owurl,views,danmu,reply,favou,coins,share,likes,ctime,length,imgurl) VALUES (%s,%s,%s,%s,%s,%s,%s,%s,%s,%s,%s,%s,%s,%s,%s,%s,%s,%s,%s,%s,%s,%s,%s)
2019-10-03 14:09:19 - F:\GitHub\WebBiliapi\Bilibiliflat\Mysql.py - Insert_args - 43 - INFO : 插入完成
2019-10-03 14:09:22 - F:\GitHub\WebBiliapi\Bilibiliflat\Mysql.py - Insert_args - 29 - DEBUG : INSERT INTO Videos (aid,cid,href,rank,dates,times,weeks,score,title,tname,owner,ownid,owurl,views,danmu,reply,favou,coins,share,likes,ctime,length,imgurl) VALUES (%s,%s,%s,%s,%s,%s,%s,%s,%s,%s,%s,%s,%s,%s,%s,%s,%s,%s,%s,%s,%s,%s,%s)
2019-10-03 14:09:22 - F:\GitHub\WebBiliapi\Bilibiliflat\Mysql.py - Insert_args - 39 - INFO : 正在插入数据...
2019-10-03 14:09:22 - F:\GitHub\WebBiliapi\Bilibiliflat\Mysql.py - Insert_args - 40 - INFO : INSERT INTO Videos (aid,cid,href,rank,dates,times,weeks,score,title,tname,owner,ownid,owurl,views,danmu,reply,favou,coins,share,likes,ctime,length,imgurl) VALUES (%s,%s,%s,%s,%s,%s,%s,%s,%s,%s,%s,%s,%s,%s,%s,%s,%s,%s,%s,%s,%s,%s,%s)
2019-10-03 14:09:23 - F:\GitHub\WebBiliapi\Bilibiliflat\Mysql.py - Insert_args - 43 - INFO : 插入完成
2019-10-03 14:09:25 - F:\GitHub\WebBiliapi\Bilibiliflat\Mysql.py - Insert_args - 29 - DEBUG : INSERT INTO Videos (aid,cid,href,rank,dates,times,weeks,score,title,tname,owner,ownid,owurl,views,danmu,reply,favou,coins,share,likes,ctime,length,imgurl) VALUES (%s,%s,%s,%s,%s,%s,%s,%s,%s,%s,%s,%s,%s,%s,%s,%s,%s,%s,%s,%s,%s,%s,%s)
2019-10-03 14:09:25 - F:\GitHub\WebBiliapi\Bilibiliflat\Mysql.py - Insert_args - 39 - INFO : 正在插入数据...
2019-10-03 14:09:25 - F:\GitHub\WebBiliapi\Bilibiliflat\Mysql.py - Insert_args - 40 - INFO : INSERT INTO Videos (aid,cid,href,rank,dates,times,weeks,score,title,tname,owner,ownid,owurl,views,danmu,reply,favou,coins,share,likes,ctime,length,imgurl) VALUES (%s,%s,%s,%s,%s,%s,%s,%s,%s,%s,%s,%s,%s,%s,%s,%s,%s,%s,%s,%s,%s,%s,%s)
2019-10-03 14:09:26 - F:\GitHub\WebBiliapi\Bilibiliflat\Mysql.py - Insert_args - 43 - INFO : 插入完成
2019-10-03 16:04:59 - F:\GitHub\WebBiliapi\Bilibiliflat\Mysql.py - Insert_args - 29 - DEBUG : INSERT INTO Videos (aid,cid,href,rank,dates,times,weeks,score,title,tname,owner,ownid,owurl,views,danmu,reply,favou,coins,share,likes,ctime,length,imgurl) VALUES (%s,%s,%s,%s,%s,%s,%s,%s,%s,%s,%s,%s,%s,%s,%s,%s,%s,%s,%s,%s,%s,%s,%s)
2019-10-03 16:04:59 - F:\GitHub\WebBiliapi\Bilibiliflat\Mysql.py - Insert_args - 39 - INFO : 正在插入数据...
2019-10-03 16:04:59 - F:\GitHub\WebBiliapi\Bilibiliflat\Mysql.py - Insert_args - 40 - INFO : INSERT INTO Videos (aid,cid,href,rank,dates,times,weeks,score,title,tname,owner,ownid,owurl,views,danmu,reply,favou,coins,share,likes,ctime,length,imgurl) VALUES (%s,%s,%s,%s,%s,%s,%s,%s,%s,%s,%s,%s,%s,%s,%s,%s,%s,%s,%s,%s,%s,%s,%s)
2019-10-03 16:05:00 - F:\GitHub\WebBiliapi\Bilibiliflat\Mysql.py - Insert_args - 43 - INFO : 插入完成
2019-10-03 16:05:02 - F:\GitHub\WebBiliapi\Bilibiliflat\Mysql.py - Insert_args - 29 - DEBUG : INSERT INTO Videos (aid,cid,href,rank,dates,times,weeks,score,title,tname,owner,ownid,owurl,views,danmu,reply,favou,coins,share,likes,ctime,length,imgurl) VALUES (%s,%s,%s,%s,%s,%s,%s,%s,%s,%s,%s,%s,%s,%s,%s,%s,%s,%s,%s,%s,%s,%s,%s)
2019-10-03 16:05:02 - F:\GitHub\WebBiliapi\Bilibiliflat\Mysql.py - Insert_args - 39 - INFO : 正在插入数据...
2019-10-03 16:05:02 - F:\GitHub\WebBiliapi\Bilibiliflat\Mysql.py - Insert_args - 40 - INFO : INSERT INTO Videos (aid,cid,href,rank,dates,times,weeks,score,title,tname,owner,ownid,owurl,views,danmu,reply,favou,coins,share,likes,ctime,length,imgurl) VALUES (%s,%s,%s,%s,%s,%s,%s,%s,%s,%s,%s,%s,%s,%s,%s,%s,%s,%s,%s,%s,%s,%s,%s)
2019-10-03 16:05:03 - F:\GitHub\WebBiliapi\Bilibiliflat\Mysql.py - Insert_args - 43 - INFO : 插入完成
2019-10-03 16:05:06 - F:\GitHub\WebBiliapi\Bilibiliflat\Mysql.py - Insert_args - 29 - DEBUG : INSERT INTO Videos (aid,cid,href,rank,dates,times,weeks,score,title,tname,owner,ownid,owurl,views,danmu,reply,favou,coins,share,likes,ctime,length,imgurl) VALUES (%s,%s,%s,%s,%s,%s,%s,%s,%s,%s,%s,%s,%s,%s,%s,%s,%s,%s,%s,%s,%s,%s,%s)
2019-10-03 16:05:06 - F:\GitHub\WebBiliapi\Bilibiliflat\Mysql.py - Insert_args - 39 - INFO : 正在插入数据...
2019-10-03 16:05:06 - F:\GitHub\WebBiliapi\Bilibiliflat\Mysql.py - Insert_args - 40 - INFO : INSERT INTO Videos (aid,cid,href,rank,dates,times,weeks,score,title,tname,owner,ownid,owurl,views,danmu,reply,favou,coins,share,likes,ctime,length,imgurl) VALUES (%s,%s,%s,%s,%s,%s,%s,%s,%s,%s,%s,%s,%s,%s,%s,%s,%s,%s,%s,%s,%s,%s,%s)
2019-10-03 16:05:07 - F:\GitHub\WebBiliapi\Bilibiliflat\Mysql.py - Insert_args - 43 - INFO : 插入完成
2019-10-03 16:05:09 - F:\GitHub\WebBiliapi\Bilibiliflat\Mysql.py - Insert_args - 29 - DEBUG : INSERT INTO Videos (aid,cid,href,rank,dates,times,weeks,score,title,tname,owner,ownid,owurl,views,danmu,reply,favou,coins,share,likes,ctime,length,imgurl) VALUES (%s,%s,%s,%s,%s,%s,%s,%s,%s,%s,%s,%s,%s,%s,%s,%s,%s,%s,%s,%s,%s,%s,%s)
2019-10-03 16:05:09 - F:\GitHub\WebBiliapi\Bilibiliflat\Mysql.py - Insert_args - 39 - INFO : 正在插入数据...
2019-10-03 16:05:09 - F:\GitHub\WebBiliapi\Bilibiliflat\Mysql.py - Insert_args - 40 - INFO : INSERT INTO Videos (aid,cid,href,rank,dates,times,weeks,score,title,tname,owner,ownid,owurl,views,danmu,reply,favou,coins,share,likes,ctime,length,imgurl) VALUES (%s,%s,%s,%s,%s,%s,%s,%s,%s,%s,%s,%s,%s,%s,%s,%s,%s,%s,%s,%s,%s,%s,%s)
2019-10-03 16:05:10 - F:\GitHub\WebBiliapi\Bilibiliflat\Mysql.py - Insert_args - 43 - INFO : 插入完成
<<<<<<< Updated upstream
2019-10-03 17:08:58 - F:\GitHub\WebBiliapi\Bilibiliflat\Mysql.py - Insert_args - 29 - DEBUG : INSERT INTO Videos (aid,cid,href,rank,dates,times,weeks,score,title,tname,owner,ownid,owurl,views,danmu,reply,favou,coins,share,likes,ctime,length,imgurl) VALUES (%s,%s,%s,%s,%s,%s,%s,%s,%s,%s,%s,%s,%s,%s,%s,%s,%s,%s,%s,%s,%s,%s,%s)
2019-10-03 17:08:58 - F:\GitHub\WebBiliapi\Bilibiliflat\Mysql.py - Insert_args - 39 - INFO : 正在插入数据...
2019-10-03 17:08:58 - F:\GitHub\WebBiliapi\Bilibiliflat\Mysql.py - Insert_args - 40 - INFO : INSERT INTO Videos (aid,cid,href,rank,dates,times,weeks,score,title,tname,owner,ownid,owurl,views,danmu,reply,favou,coins,share,likes,ctime,length,imgurl) VALUES (%s,%s,%s,%s,%s,%s,%s,%s,%s,%s,%s,%s,%s,%s,%s,%s,%s,%s,%s,%s,%s,%s,%s)
2019-10-03 17:08:59 - F:\GitHub\WebBiliapi\Bilibiliflat\Mysql.py - Insert_args - 43 - INFO : 插入完成
2019-10-03 17:09:01 - F:\GitHub\WebBiliapi\Bilibiliflat\Mysql.py - Insert_args - 29 - DEBUG : INSERT INTO Videos (aid,cid,href,rank,dates,times,weeks,score,title,tname,owner,ownid,owurl,views,danmu,reply,favou,coins,share,likes,ctime,length,imgurl) VALUES (%s,%s,%s,%s,%s,%s,%s,%s,%s,%s,%s,%s,%s,%s,%s,%s,%s,%s,%s,%s,%s,%s,%s)
2019-10-03 17:09:01 - F:\GitHub\WebBiliapi\Bilibiliflat\Mysql.py - Insert_args - 39 - INFO : 正在插入数据...
2019-10-03 17:09:01 - F:\GitHub\WebBiliapi\Bilibiliflat\Mysql.py - Insert_args - 40 - INFO : INSERT INTO Videos (aid,cid,href,rank,dates,times,weeks,score,title,tname,owner,ownid,owurl,views,danmu,reply,favou,coins,share,likes,ctime,length,imgurl) VALUES (%s,%s,%s,%s,%s,%s,%s,%s,%s,%s,%s,%s,%s,%s,%s,%s,%s,%s,%s,%s,%s,%s,%s)
2019-10-03 17:09:02 - F:\GitHub\WebBiliapi\Bilibiliflat\Mysql.py - Insert_args - 43 - INFO : 插入完成
2019-10-03 17:09:04 - F:\GitHub\WebBiliapi\Bilibiliflat\Mysql.py - Insert_args - 29 - DEBUG : INSERT INTO Videos (aid,cid,href,rank,dates,times,weeks,score,title,tname,owner,ownid,owurl,views,danmu,reply,favou,coins,share,likes,ctime,length,imgurl) VALUES (%s,%s,%s,%s,%s,%s,%s,%s,%s,%s,%s,%s,%s,%s,%s,%s,%s,%s,%s,%s,%s,%s,%s)
2019-10-03 17:09:04 - F:\GitHub\WebBiliapi\Bilibiliflat\Mysql.py - Insert_args - 39 - INFO : 正在插入数据...
2019-10-03 17:09:04 - F:\GitHub\WebBiliapi\Bilibiliflat\Mysql.py - Insert_args - 40 - INFO : INSERT INTO Videos (aid,cid,href,rank,dates,times,weeks,score,title,tname,owner,ownid,owurl,views,danmu,reply,favou,coins,share,likes,ctime,length,imgurl) VALUES (%s,%s,%s,%s,%s,%s,%s,%s,%s,%s,%s,%s,%s,%s,%s,%s,%s,%s,%s,%s,%s,%s,%s)
2019-10-03 17:09:05 - F:\GitHub\WebBiliapi\Bilibiliflat\Mysql.py - Insert_args - 43 - INFO : 插入完成
2019-10-03 17:09:07 - F:\GitHub\WebBiliapi\Bilibiliflat\Mysql.py - Insert_args - 29 - DEBUG : INSERT INTO Videos (aid,cid,href,rank,dates,times,weeks,score,title,tname,owner,ownid,owurl,views,danmu,reply,favou,coins,share,likes,ctime,length,imgurl) VALUES (%s,%s,%s,%s,%s,%s,%s,%s,%s,%s,%s,%s,%s,%s,%s,%s,%s,%s,%s,%s,%s,%s,%s)
2019-10-03 17:09:07 - F:\GitHub\WebBiliapi\Bilibiliflat\Mysql.py - Insert_args - 39 - INFO : 正在插入数据...
2019-10-03 17:09:07 - F:\GitHub\WebBiliapi\Bilibiliflat\Mysql.py - Insert_args - 40 - INFO : INSERT INTO Videos (aid,cid,href,rank,dates,times,weeks,score,title,tname,owner,ownid,owurl,views,danmu,reply,favou,coins,share,likes,ctime,length,imgurl) VALUES (%s,%s,%s,%s,%s,%s,%s,%s,%s,%s,%s,%s,%s,%s,%s,%s,%s,%s,%s,%s,%s,%s,%s)
2019-10-03 17:09:08 - F:\GitHub\WebBiliapi\Bilibiliflat\Mysql.py - Insert_args - 43 - INFO : 插入完成
=======
>>>>>>> alanda
2019-10-03 17:34:32 - F:\GitHub\WebBiliapi\Bilibiliflat\Mysql.py - Delete_sql - 73 - INFO : 正在删除数据...
2019-10-03 17:34:32 - F:\GitHub\WebBiliapi\Bilibiliflat\Mysql.py - Delete_sql - 76 - INFO : 删除完成
2019-10-03 17:34:32 - F:\GitHub\WebBiliapi\Bilibiliflat\Mysql.py - Insert_args - 29 - DEBUG : INSERT INTO Videos (aid,cid,href,rank,dates,times,weeks,score,title,tname,owner,ownid,owurl,views,danmu,reply,favou,coins,share,likes,ctime,length,imgurl) VALUES (%s,%s,%s,%s,%s,%s,%s,%s,%s,%s,%s,%s,%s,%s,%s,%s,%s,%s,%s,%s,%s,%s,%s)
2019-10-03 17:34:32 - F:\GitHub\WebBiliapi\Bilibiliflat\Mysql.py - Insert_args - 39 - INFO : 正在插入数据...
2019-10-03 17:34:32 - F:\GitHub\WebBiliapi\Bilibiliflat\Mysql.py - Insert_args - 40 - INFO : INSERT INTO Videos (aid,cid,href,rank,dates,times,weeks,score,title,tname,owner,ownid,owurl,views,danmu,reply,favou,coins,share,likes,ctime,length,imgurl) VALUES (%s,%s,%s,%s,%s,%s,%s,%s,%s,%s,%s,%s,%s,%s,%s,%s,%s,%s,%s,%s,%s,%s,%s)
2019-10-03 17:34:33 - F:\GitHub\WebBiliapi\Bilibiliflat\Mysql.py - Insert_args - 43 - INFO : 插入完成
2019-10-03 17:34:35 - F:\GitHub\WebBiliapi\Bilibiliflat\Mysql.py - Delete_sql - 73 - INFO : 正在删除数据...
2019-10-03 17:34:35 - F:\GitHub\WebBiliapi\Bilibiliflat\Mysql.py - Delete_sql - 76 - INFO : 删除完成
2019-10-03 17:34:36 - F:\GitHub\WebBiliapi\Bilibiliflat\Mysql.py - Insert_args - 29 - DEBUG : INSERT INTO Videos (aid,cid,href,rank,dates,times,weeks,score,title,tname,owner,ownid,owurl,views,danmu,reply,favou,coins,share,likes,ctime,length,imgurl) VALUES (%s,%s,%s,%s,%s,%s,%s,%s,%s,%s,%s,%s,%s,%s,%s,%s,%s,%s,%s,%s,%s,%s,%s)
2019-10-03 17:34:36 - F:\GitHub\WebBiliapi\Bilibiliflat\Mysql.py - Insert_args - 39 - INFO : 正在插入数据...
2019-10-03 17:34:36 - F:\GitHub\WebBiliapi\Bilibiliflat\Mysql.py - Insert_args - 40 - INFO : INSERT INTO Videos (aid,cid,href,rank,dates,times,weeks,score,title,tname,owner,ownid,owurl,views,danmu,reply,favou,coins,share,likes,ctime,length,imgurl) VALUES (%s,%s,%s,%s,%s,%s,%s,%s,%s,%s,%s,%s,%s,%s,%s,%s,%s,%s,%s,%s,%s,%s,%s)
2019-10-03 17:34:36 - F:\GitHub\WebBiliapi\Bilibiliflat\Mysql.py - Insert_args - 43 - INFO : 插入完成
2019-10-03 17:34:38 - F:\GitHub\WebBiliapi\Bilibiliflat\Mysql.py - Delete_sql - 73 - INFO : 正在删除数据...
2019-10-03 17:34:39 - F:\GitHub\WebBiliapi\Bilibiliflat\Mysql.py - Delete_sql - 76 - INFO : 删除完成
2019-10-03 17:34:39 - F:\GitHub\WebBiliapi\Bilibiliflat\Mysql.py - Insert_args - 29 - DEBUG : INSERT INTO Videos (aid,cid,href,rank,dates,times,weeks,score,title,tname,owner,ownid,owurl,views,danmu,reply,favou,coins,share,likes,ctime,length,imgurl) VALUES (%s,%s,%s,%s,%s,%s,%s,%s,%s,%s,%s,%s,%s,%s,%s,%s,%s,%s,%s,%s,%s,%s,%s)
2019-10-03 17:34:39 - F:\GitHub\WebBiliapi\Bilibiliflat\Mysql.py - Insert_args - 39 - INFO : 正在插入数据...
2019-10-03 17:34:39 - F:\GitHub\WebBiliapi\Bilibiliflat\Mysql.py - Insert_args - 40 - INFO : INSERT INTO Videos (aid,cid,href,rank,dates,times,weeks,score,title,tname,owner,ownid,owurl,views,danmu,reply,favou,coins,share,likes,ctime,length,imgurl) VALUES (%s,%s,%s,%s,%s,%s,%s,%s,%s,%s,%s,%s,%s,%s,%s,%s,%s,%s,%s,%s,%s,%s,%s)
2019-10-03 17:34:40 - F:\GitHub\WebBiliapi\Bilibiliflat\Mysql.py - Insert_args - 43 - INFO : 插入完成
2019-10-03 17:34:41 - F:\GitHub\WebBiliapi\Bilibiliflat\Mysql.py - Delete_sql - 73 - INFO : 正在删除数据...
2019-10-03 17:34:42 - F:\GitHub\WebBiliapi\Bilibiliflat\Mysql.py - Delete_sql - 76 - INFO : 删除完成
2019-10-03 17:34:42 - F:\GitHub\WebBiliapi\Bilibiliflat\Mysql.py - Insert_args - 29 - DEBUG : INSERT INTO Videos (aid,cid,href,rank,dates,times,weeks,score,title,tname,owner,ownid,owurl,views,danmu,reply,favou,coins,share,likes,ctime,length,imgurl) VALUES (%s,%s,%s,%s,%s,%s,%s,%s,%s,%s,%s,%s,%s,%s,%s,%s,%s,%s,%s,%s,%s,%s,%s)
2019-10-03 17:34:42 - F:\GitHub\WebBiliapi\Bilibiliflat\Mysql.py - Insert_args - 39 - INFO : 正在插入数据...
2019-10-03 17:34:42 - F:\GitHub\WebBiliapi\Bilibiliflat\Mysql.py - Insert_args - 40 - INFO : INSERT INTO Videos (aid,cid,href,rank,dates,times,weeks,score,title,tname,owner,ownid,owurl,views,danmu,reply,favou,coins,share,likes,ctime,length,imgurl) VALUES (%s,%s,%s,%s,%s,%s,%s,%s,%s,%s,%s,%s,%s,%s,%s,%s,%s,%s,%s,%s,%s,%s,%s)
2019-10-03 17:34:43 - F:\GitHub\WebBiliapi\Bilibiliflat\Mysql.py - Insert_args - 43 - INFO : 插入完成
2019-10-03 17:35:38 - F:\GitHub\WebBiliapi\Bilibiliflat\Mysql.py - Delete_sql - 73 - INFO : 正在删除数据...
2019-10-03 17:35:38 - F:\GitHub\WebBiliapi\Bilibiliflat\Mysql.py - Delete_sql - 76 - INFO : 删除完成
2019-10-03 17:35:38 - F:\GitHub\WebBiliapi\Bilibiliflat\Mysql.py - Insert_args - 29 - DEBUG : INSERT INTO Videos (aid,cid,href,rank,dates,times,weeks,score,title,tname,owner,ownid,owurl,views,danmu,reply,favou,coins,share,likes,ctime,length,imgurl) VALUES (%s,%s,%s,%s,%s,%s,%s,%s,%s,%s,%s,%s,%s,%s,%s,%s,%s,%s,%s,%s,%s,%s,%s)
2019-10-03 17:35:38 - F:\GitHub\WebBiliapi\Bilibiliflat\Mysql.py - Insert_args - 39 - INFO : 正在插入数据...
2019-10-03 17:35:38 - F:\GitHub\WebBiliapi\Bilibiliflat\Mysql.py - Insert_args - 40 - INFO : INSERT INTO Videos (aid,cid,href,rank,dates,times,weeks,score,title,tname,owner,ownid,owurl,views,danmu,reply,favou,coins,share,likes,ctime,length,imgurl) VALUES (%s,%s,%s,%s,%s,%s,%s,%s,%s,%s,%s,%s,%s,%s,%s,%s,%s,%s,%s,%s,%s,%s,%s)
2019-10-03 17:35:39 - F:\GitHub\WebBiliapi\Bilibiliflat\Mysql.py - Insert_args - 43 - INFO : 插入完成
2019-10-03 17:35:41 - F:\GitHub\WebBiliapi\Bilibiliflat\Mysql.py - Delete_sql - 73 - INFO : 正在删除数据...
2019-10-03 17:35:41 - F:\GitHub\WebBiliapi\Bilibiliflat\Mysql.py - Delete_sql - 76 - INFO : 删除完成
2019-10-03 17:35:41 - F:\GitHub\WebBiliapi\Bilibiliflat\Mysql.py - Insert_args - 29 - DEBUG : INSERT INTO Videos (aid,cid,href,rank,dates,times,weeks,score,title,tname,owner,ownid,owurl,views,danmu,reply,favou,coins,share,likes,ctime,length,imgurl) VALUES (%s,%s,%s,%s,%s,%s,%s,%s,%s,%s,%s,%s,%s,%s,%s,%s,%s,%s,%s,%s,%s,%s,%s)
2019-10-03 17:35:41 - F:\GitHub\WebBiliapi\Bilibiliflat\Mysql.py - Insert_args - 39 - INFO : 正在插入数据...
2019-10-03 17:35:41 - F:\GitHub\WebBiliapi\Bilibiliflat\Mysql.py - Insert_args - 40 - INFO : INSERT INTO Videos (aid,cid,href,rank,dates,times,weeks,score,title,tname,owner,ownid,owurl,views,danmu,reply,favou,coins,share,likes,ctime,length,imgurl) VALUES (%s,%s,%s,%s,%s,%s,%s,%s,%s,%s,%s,%s,%s,%s,%s,%s,%s,%s,%s,%s,%s,%s,%s)
2019-10-03 17:35:42 - F:\GitHub\WebBiliapi\Bilibiliflat\Mysql.py - Insert_args - 43 - INFO : 插入完成
2019-10-03 17:35:44 - F:\GitHub\WebBiliapi\Bilibiliflat\Mysql.py - Delete_sql - 73 - INFO : 正在删除数据...
2019-10-03 17:35:44 - F:\GitHub\WebBiliapi\Bilibiliflat\Mysql.py - Delete_sql - 76 - INFO : 删除完成
2019-10-03 17:35:45 - F:\GitHub\WebBiliapi\Bilibiliflat\Mysql.py - Insert_args - 29 - DEBUG : INSERT INTO Videos (aid,cid,href,rank,dates,times,weeks,score,title,tname,owner,ownid,owurl,views,danmu,reply,favou,coins,share,likes,ctime,length,imgurl) VALUES (%s,%s,%s,%s,%s,%s,%s,%s,%s,%s,%s,%s,%s,%s,%s,%s,%s,%s,%s,%s,%s,%s,%s)
2019-10-03 17:35:45 - F:\GitHub\WebBiliapi\Bilibiliflat\Mysql.py - Insert_args - 39 - INFO : 正在插入数据...
2019-10-03 17:35:45 - F:\GitHub\WebBiliapi\Bilibiliflat\Mysql.py - Insert_args - 40 - INFO : INSERT INTO Videos (aid,cid,href,rank,dates,times,weeks,score,title,tname,owner,ownid,owurl,views,danmu,reply,favou,coins,share,likes,ctime,length,imgurl) VALUES (%s,%s,%s,%s,%s,%s,%s,%s,%s,%s,%s,%s,%s,%s,%s,%s,%s,%s,%s,%s,%s,%s,%s)
2019-10-03 17:35:45 - F:\GitHub\WebBiliapi\Bilibiliflat\Mysql.py - Insert_args - 43 - INFO : 插入完成
2019-10-03 17:35:47 - F:\GitHub\WebBiliapi\Bilibiliflat\Mysql.py - Delete_sql - 73 - INFO : 正在删除数据...
2019-10-03 17:35:47 - F:\GitHub\WebBiliapi\Bilibiliflat\Mysql.py - Delete_sql - 76 - INFO : 删除完成
2019-10-03 17:35:48 - F:\GitHub\WebBiliapi\Bilibiliflat\Mysql.py - Insert_args - 29 - DEBUG : INSERT INTO Videos (aid,cid,href,rank,dates,times,weeks,score,title,tname,owner,ownid,owurl,views,danmu,reply,favou,coins,share,likes,ctime,length,imgurl) VALUES (%s,%s,%s,%s,%s,%s,%s,%s,%s,%s,%s,%s,%s,%s,%s,%s,%s,%s,%s,%s,%s,%s,%s)
2019-10-03 17:35:48 - F:\GitHub\WebBiliapi\Bilibiliflat\Mysql.py - Insert_args - 39 - INFO : 正在插入数据...
2019-10-03 17:35:48 - F:\GitHub\WebBiliapi\Bilibiliflat\Mysql.py - Insert_args - 40 - INFO : INSERT INTO Videos (aid,cid,href,rank,dates,times,weeks,score,title,tname,owner,ownid,owurl,views,danmu,reply,favou,coins,share,likes,ctime,length,imgurl) VALUES (%s,%s,%s,%s,%s,%s,%s,%s,%s,%s,%s,%s,%s,%s,%s,%s,%s,%s,%s,%s,%s,%s,%s)
2019-10-03 17:35:49 - F:\GitHub\WebBiliapi\Bilibiliflat\Mysql.py - Insert_args - 43 - INFO : 插入完成
<<<<<<< Updated upstream
2019-10-10 21:30:00 - F:\GitHub\WebBiliapi\Bilibiliflat\Mysql.py - Delete_sql - 73 - INFO : 正在删除数据...
2019-10-10 21:30:01 - F:\GitHub\WebBiliapi\Bilibiliflat\Mysql.py - Delete_sql - 76 - INFO : 删除完成
2019-10-10 21:30:01 - F:\GitHub\WebBiliapi\Bilibiliflat\Mysql.py - Insert_args - 29 - DEBUG : INSERT INTO Videos (aid,cid,href,rank,dates,times,weeks,score,title,tname,owner,ownid,owurl,views,danmu,reply,favou,coins,share,likes,ctime,length,imgurl) VALUES (%s,%s,%s,%s,%s,%s,%s,%s,%s,%s,%s,%s,%s,%s,%s,%s,%s,%s,%s,%s,%s,%s,%s)
2019-10-10 21:30:01 - F:\GitHub\WebBiliapi\Bilibiliflat\Mysql.py - Insert_args - 39 - INFO : 正在插入数据...
2019-10-10 21:30:01 - F:\GitHub\WebBiliapi\Bilibiliflat\Mysql.py - Insert_args - 40 - INFO : INSERT INTO Videos (aid,cid,href,rank,dates,times,weeks,score,title,tname,owner,ownid,owurl,views,danmu,reply,favou,coins,share,likes,ctime,length,imgurl) VALUES (%s,%s,%s,%s,%s,%s,%s,%s,%s,%s,%s,%s,%s,%s,%s,%s,%s,%s,%s,%s,%s,%s,%s)
2019-10-10 21:30:05 - F:\GitHub\WebBiliapi\Bilibiliflat\Mysql.py - Insert_args - 43 - INFO : 插入完成
2019-10-10 21:30:09 - F:\GitHub\WebBiliapi\Bilibiliflat\Mysql.py - Delete_sql - 73 - INFO : 正在删除数据...
2019-10-10 21:30:09 - F:\GitHub\WebBiliapi\Bilibiliflat\Mysql.py - Delete_sql - 76 - INFO : 删除完成
2019-10-10 21:30:10 - F:\GitHub\WebBiliapi\Bilibiliflat\Mysql.py - Insert_args - 29 - DEBUG : INSERT INTO Videos (aid,cid,href,rank,dates,times,weeks,score,title,tname,owner,ownid,owurl,views,danmu,reply,favou,coins,share,likes,ctime,length,imgurl) VALUES (%s,%s,%s,%s,%s,%s,%s,%s,%s,%s,%s,%s,%s,%s,%s,%s,%s,%s,%s,%s,%s,%s,%s)
2019-10-10 21:30:10 - F:\GitHub\WebBiliapi\Bilibiliflat\Mysql.py - Insert_args - 39 - INFO : 正在插入数据...
2019-10-10 21:30:10 - F:\GitHub\WebBiliapi\Bilibiliflat\Mysql.py - Insert_args - 40 - INFO : INSERT INTO Videos (aid,cid,href,rank,dates,times,weeks,score,title,tname,owner,ownid,owurl,views,danmu,reply,favou,coins,share,likes,ctime,length,imgurl) VALUES (%s,%s,%s,%s,%s,%s,%s,%s,%s,%s,%s,%s,%s,%s,%s,%s,%s,%s,%s,%s,%s,%s,%s)
2019-10-10 21:30:12 - F:\GitHub\WebBiliapi\Bilibiliflat\Mysql.py - Insert_args - 43 - INFO : 插入完成
2019-10-10 21:30:17 - F:\GitHub\WebBiliapi\Bilibiliflat\Mysql.py - Delete_sql - 73 - INFO : 正在删除数据...
2019-10-10 21:30:17 - F:\GitHub\WebBiliapi\Bilibiliflat\Mysql.py - Delete_sql - 76 - INFO : 删除完成
2019-10-10 21:30:17 - F:\GitHub\WebBiliapi\Bilibiliflat\Mysql.py - Insert_args - 29 - DEBUG : INSERT INTO Videos (aid,cid,href,rank,dates,times,weeks,score,title,tname,owner,ownid,owurl,views,danmu,reply,favou,coins,share,likes,ctime,length,imgurl) VALUES (%s,%s,%s,%s,%s,%s,%s,%s,%s,%s,%s,%s,%s,%s,%s,%s,%s,%s,%s,%s,%s,%s,%s)
2019-10-10 21:30:17 - F:\GitHub\WebBiliapi\Bilibiliflat\Mysql.py - Insert_args - 39 - INFO : 正在插入数据...
2019-10-10 21:30:17 - F:\GitHub\WebBiliapi\Bilibiliflat\Mysql.py - Insert_args - 40 - INFO : INSERT INTO Videos (aid,cid,href,rank,dates,times,weeks,score,title,tname,owner,ownid,owurl,views,danmu,reply,favou,coins,share,likes,ctime,length,imgurl) VALUES (%s,%s,%s,%s,%s,%s,%s,%s,%s,%s,%s,%s,%s,%s,%s,%s,%s,%s,%s,%s,%s,%s,%s)
2019-10-10 21:30:21 - F:\GitHub\WebBiliapi\Bilibiliflat\Mysql.py - Insert_args - 43 - INFO : 插入完成
2019-10-10 21:30:24 - F:\GitHub\WebBiliapi\Bilibiliflat\Mysql.py - Delete_sql - 73 - INFO : 正在删除数据...
2019-10-10 21:30:24 - F:\GitHub\WebBiliapi\Bilibiliflat\Mysql.py - Delete_sql - 76 - INFO : 删除完成
2019-10-10 21:30:24 - F:\GitHub\WebBiliapi\Bilibiliflat\Mysql.py - Insert_args - 29 - DEBUG : INSERT INTO Videos (aid,cid,href,rank,dates,times,weeks,score,title,tname,owner,ownid,owurl,views,danmu,reply,favou,coins,share,likes,ctime,length,imgurl) VALUES (%s,%s,%s,%s,%s,%s,%s,%s,%s,%s,%s,%s,%s,%s,%s,%s,%s,%s,%s,%s,%s,%s,%s)
2019-10-10 21:30:24 - F:\GitHub\WebBiliapi\Bilibiliflat\Mysql.py - Insert_args - 39 - INFO : 正在插入数据...
2019-10-10 21:30:24 - F:\GitHub\WebBiliapi\Bilibiliflat\Mysql.py - Insert_args - 40 - INFO : INSERT INTO Videos (aid,cid,href,rank,dates,times,weeks,score,title,tname,owner,ownid,owurl,views,danmu,reply,favou,coins,share,likes,ctime,length,imgurl) VALUES (%s,%s,%s,%s,%s,%s,%s,%s,%s,%s,%s,%s,%s,%s,%s,%s,%s,%s,%s,%s,%s,%s,%s)
2019-10-10 21:30:28 - F:\GitHub\WebBiliapi\Bilibiliflat\Mysql.py - Insert_args - 43 - INFO : 插入完成
2019-10-10 21:40:07 - F:\GitHub\WebBiliapi\Bilibiliflat\Mysql.py - Delete_sql - 73 - INFO : 正在删除数据...
2019-10-10 21:40:07 - F:\GitHub\WebBiliapi\Bilibiliflat\Mysql.py - Delete_sql - 76 - INFO : 删除完成
2019-10-10 21:40:07 - F:\GitHub\WebBiliapi\Bilibiliflat\Mysql.py - Insert_args - 29 - DEBUG : INSERT INTO Videos (aid,cid,href,rank,dates,times,weeks,score,title,tname,owner,ownid,owurl,views,danmu,reply,favou,coins,share,likes,ctime,length,imgurl) VALUES (%s,%s,%s,%s,%s,%s,%s,%s,%s,%s,%s,%s,%s,%s,%s,%s,%s,%s,%s,%s,%s,%s,%s)
2019-10-10 21:40:07 - F:\GitHub\WebBiliapi\Bilibiliflat\Mysql.py - Insert_args - 39 - INFO : 正在插入数据...
2019-10-10 21:40:07 - F:\GitHub\WebBiliapi\Bilibiliflat\Mysql.py - Insert_args - 40 - INFO : INSERT INTO Videos (aid,cid,href,rank,dates,times,weeks,score,title,tname,owner,ownid,owurl,views,danmu,reply,favou,coins,share,likes,ctime,length,imgurl) VALUES (%s,%s,%s,%s,%s,%s,%s,%s,%s,%s,%s,%s,%s,%s,%s,%s,%s,%s,%s,%s,%s,%s,%s)
2019-10-10 21:40:11 - F:\GitHub\WebBiliapi\Bilibiliflat\Mysql.py - Insert_args - 43 - INFO : 插入完成
2019-10-10 21:40:13 - F:\GitHub\WebBiliapi\Bilibiliflat\Mysql.py - Delete_sql - 73 - INFO : 正在删除数据...
2019-10-10 21:40:14 - F:\GitHub\WebBiliapi\Bilibiliflat\Mysql.py - Delete_sql - 76 - INFO : 删除完成
2019-10-10 21:40:14 - F:\GitHub\WebBiliapi\Bilibiliflat\Mysql.py - Insert_args - 29 - DEBUG : INSERT INTO Videos (aid,cid,href,rank,dates,times,weeks,score,title,tname,owner,ownid,owurl,views,danmu,reply,favou,coins,share,likes,ctime,length,imgurl) VALUES (%s,%s,%s,%s,%s,%s,%s,%s,%s,%s,%s,%s,%s,%s,%s,%s,%s,%s,%s,%s,%s,%s,%s)
2019-10-10 21:40:14 - F:\GitHub\WebBiliapi\Bilibiliflat\Mysql.py - Insert_args - 39 - INFO : 正在插入数据...
2019-10-10 21:40:14 - F:\GitHub\WebBiliapi\Bilibiliflat\Mysql.py - Insert_args - 40 - INFO : INSERT INTO Videos (aid,cid,href,rank,dates,times,weeks,score,title,tname,owner,ownid,owurl,views,danmu,reply,favou,coins,share,likes,ctime,length,imgurl) VALUES (%s,%s,%s,%s,%s,%s,%s,%s,%s,%s,%s,%s,%s,%s,%s,%s,%s,%s,%s,%s,%s,%s,%s)
2019-10-10 21:40:16 - F:\GitHub\WebBiliapi\Bilibiliflat\Mysql.py - Insert_args - 43 - INFO : 插入完成
2019-10-10 21:40:20 - F:\GitHub\WebBiliapi\Bilibiliflat\Mysql.py - Delete_sql - 73 - INFO : 正在删除数据...
2019-10-10 21:40:20 - F:\GitHub\WebBiliapi\Bilibiliflat\Mysql.py - Delete_sql - 76 - INFO : 删除完成
2019-10-10 21:40:20 - F:\GitHub\WebBiliapi\Bilibiliflat\Mysql.py - Insert_args - 29 - DEBUG : INSERT INTO Videos (aid,cid,href,rank,dates,times,weeks,score,title,tname,owner,ownid,owurl,views,danmu,reply,favou,coins,share,likes,ctime,length,imgurl) VALUES (%s,%s,%s,%s,%s,%s,%s,%s,%s,%s,%s,%s,%s,%s,%s,%s,%s,%s,%s,%s,%s,%s,%s)
2019-10-10 21:40:20 - F:\GitHub\WebBiliapi\Bilibiliflat\Mysql.py - Insert_args - 39 - INFO : 正在插入数据...
2019-10-10 21:40:20 - F:\GitHub\WebBiliapi\Bilibiliflat\Mysql.py - Insert_args - 40 - INFO : INSERT INTO Videos (aid,cid,href,rank,dates,times,weeks,score,title,tname,owner,ownid,owurl,views,danmu,reply,favou,coins,share,likes,ctime,length,imgurl) VALUES (%s,%s,%s,%s,%s,%s,%s,%s,%s,%s,%s,%s,%s,%s,%s,%s,%s,%s,%s,%s,%s,%s,%s)
2019-10-10 21:40:23 - F:\GitHub\WebBiliapi\Bilibiliflat\Mysql.py - Insert_args - 43 - INFO : 插入完成
2019-10-10 21:40:26 - F:\GitHub\WebBiliapi\Bilibiliflat\Mysql.py - Delete_sql - 73 - INFO : 正在删除数据...
2019-10-10 21:40:26 - F:\GitHub\WebBiliapi\Bilibiliflat\Mysql.py - Delete_sql - 76 - INFO : 删除完成
2019-10-10 21:40:26 - F:\GitHub\WebBiliapi\Bilibiliflat\Mysql.py - Insert_args - 29 - DEBUG : INSERT INTO Videos (aid,cid,href,rank,dates,times,weeks,score,title,tname,owner,ownid,owurl,views,danmu,reply,favou,coins,share,likes,ctime,length,imgurl) VALUES (%s,%s,%s,%s,%s,%s,%s,%s,%s,%s,%s,%s,%s,%s,%s,%s,%s,%s,%s,%s,%s,%s,%s)
2019-10-10 21:40:26 - F:\GitHub\WebBiliapi\Bilibiliflat\Mysql.py - Insert_args - 39 - INFO : 正在插入数据...
2019-10-10 21:40:26 - F:\GitHub\WebBiliapi\Bilibiliflat\Mysql.py - Insert_args - 40 - INFO : INSERT INTO Videos (aid,cid,href,rank,dates,times,weeks,score,title,tname,owner,ownid,owurl,views,danmu,reply,favou,coins,share,likes,ctime,length,imgurl) VALUES (%s,%s,%s,%s,%s,%s,%s,%s,%s,%s,%s,%s,%s,%s,%s,%s,%s,%s,%s,%s,%s,%s,%s)
2019-10-10 21:40:30 - F:\GitHub\WebBiliapi\Bilibiliflat\Mysql.py - Insert_args - 43 - INFO : 插入完成
2019-10-10 21:44:47 - F:\GitHub\WebBiliapi\Bilibiliflat\Mysql.py - Delete_sql - 73 - INFO : 正在删除数据...
2019-10-10 21:44:47 - F:\GitHub\WebBiliapi\Bilibiliflat\Mysql.py - Delete_sql - 76 - INFO : 删除完成
2019-10-10 21:44:48 - F:\GitHub\WebBiliapi\Bilibiliflat\Mysql.py - Insert_args - 29 - DEBUG : INSERT INTO Videos (aid,cid,href,rank,dates,times,weeks,score,title,tname,owner,ownid,owurl,views,danmu,reply,favou,coins,share,likes,ctime,length,imgurl) VALUES (%s,%s,%s,%s,%s,%s,%s,%s,%s,%s,%s,%s,%s,%s,%s,%s,%s,%s,%s,%s,%s,%s,%s)
2019-10-10 21:44:48 - F:\GitHub\WebBiliapi\Bilibiliflat\Mysql.py - Insert_args - 39 - INFO : 正在插入数据...
2019-10-10 21:44:48 - F:\GitHub\WebBiliapi\Bilibiliflat\Mysql.py - Insert_args - 40 - INFO : INSERT INTO Videos (aid,cid,href,rank,dates,times,weeks,score,title,tname,owner,ownid,owurl,views,danmu,reply,favou,coins,share,likes,ctime,length,imgurl) VALUES (%s,%s,%s,%s,%s,%s,%s,%s,%s,%s,%s,%s,%s,%s,%s,%s,%s,%s,%s,%s,%s,%s,%s)
2019-10-10 21:44:50 - F:\GitHub\WebBiliapi\Bilibiliflat\Mysql.py - Insert_args - 43 - INFO : 插入完成
2019-10-10 21:44:53 - F:\GitHub\WebBiliapi\Bilibiliflat\Mysql.py - Delete_sql - 73 - INFO : 正在删除数据...
2019-10-10 21:44:53 - F:\GitHub\WebBiliapi\Bilibiliflat\Mysql.py - Delete_sql - 76 - INFO : 删除完成
2019-10-10 21:44:53 - F:\GitHub\WebBiliapi\Bilibiliflat\Mysql.py - Insert_args - 29 - DEBUG : INSERT INTO Videos (aid,cid,href,rank,dates,times,weeks,score,title,tname,owner,ownid,owurl,views,danmu,reply,favou,coins,share,likes,ctime,length,imgurl) VALUES (%s,%s,%s,%s,%s,%s,%s,%s,%s,%s,%s,%s,%s,%s,%s,%s,%s,%s,%s,%s,%s,%s,%s)
2019-10-10 21:44:53 - F:\GitHub\WebBiliapi\Bilibiliflat\Mysql.py - Insert_args - 39 - INFO : 正在插入数据...
2019-10-10 21:44:53 - F:\GitHub\WebBiliapi\Bilibiliflat\Mysql.py - Insert_args - 40 - INFO : INSERT INTO Videos (aid,cid,href,rank,dates,times,weeks,score,title,tname,owner,ownid,owurl,views,danmu,reply,favou,coins,share,likes,ctime,length,imgurl) VALUES (%s,%s,%s,%s,%s,%s,%s,%s,%s,%s,%s,%s,%s,%s,%s,%s,%s,%s,%s,%s,%s,%s,%s)
2019-10-10 21:44:57 - F:\GitHub\WebBiliapi\Bilibiliflat\Mysql.py - Insert_args - 43 - INFO : 插入完成
2019-10-10 21:45:00 - F:\GitHub\WebBiliapi\Bilibiliflat\Mysql.py - Delete_sql - 73 - INFO : 正在删除数据...
2019-10-10 21:45:01 - F:\GitHub\WebBiliapi\Bilibiliflat\Mysql.py - Delete_sql - 76 - INFO : 删除完成
2019-10-10 21:45:01 - F:\GitHub\WebBiliapi\Bilibiliflat\Mysql.py - Insert_args - 29 - DEBUG : INSERT INTO Videos (aid,cid,href,rank,dates,times,weeks,score,title,tname,owner,ownid,owurl,views,danmu,reply,favou,coins,share,likes,ctime,length,imgurl) VALUES (%s,%s,%s,%s,%s,%s,%s,%s,%s,%s,%s,%s,%s,%s,%s,%s,%s,%s,%s,%s,%s,%s,%s)
2019-10-10 21:45:01 - F:\GitHub\WebBiliapi\Bilibiliflat\Mysql.py - Insert_args - 39 - INFO : 正在插入数据...
2019-10-10 21:45:01 - F:\GitHub\WebBiliapi\Bilibiliflat\Mysql.py - Insert_args - 40 - INFO : INSERT INTO Videos (aid,cid,href,rank,dates,times,weeks,score,title,tname,owner,ownid,owurl,views,danmu,reply,favou,coins,share,likes,ctime,length,imgurl) VALUES (%s,%s,%s,%s,%s,%s,%s,%s,%s,%s,%s,%s,%s,%s,%s,%s,%s,%s,%s,%s,%s,%s,%s)
2019-10-10 21:45:03 - F:\GitHub\WebBiliapi\Bilibiliflat\Mysql.py - Insert_args - 43 - INFO : 插入完成
2019-10-10 21:45:06 - F:\GitHub\WebBiliapi\Bilibiliflat\Mysql.py - Delete_sql - 73 - INFO : 正在删除数据...
2019-10-10 21:45:06 - F:\GitHub\WebBiliapi\Bilibiliflat\Mysql.py - Delete_sql - 76 - INFO : 删除完成
2019-10-10 21:45:06 - F:\GitHub\WebBiliapi\Bilibiliflat\Mysql.py - Insert_args - 29 - DEBUG : INSERT INTO Videos (aid,cid,href,rank,dates,times,weeks,score,title,tname,owner,ownid,owurl,views,danmu,reply,favou,coins,share,likes,ctime,length,imgurl) VALUES (%s,%s,%s,%s,%s,%s,%s,%s,%s,%s,%s,%s,%s,%s,%s,%s,%s,%s,%s,%s,%s,%s,%s)
2019-10-10 21:45:06 - F:\GitHub\WebBiliapi\Bilibiliflat\Mysql.py - Insert_args - 39 - INFO : 正在插入数据...
2019-10-10 21:45:06 - F:\GitHub\WebBiliapi\Bilibiliflat\Mysql.py - Insert_args - 40 - INFO : INSERT INTO Videos (aid,cid,href,rank,dates,times,weeks,score,title,tname,owner,ownid,owurl,views,danmu,reply,favou,coins,share,likes,ctime,length,imgurl) VALUES (%s,%s,%s,%s,%s,%s,%s,%s,%s,%s,%s,%s,%s,%s,%s,%s,%s,%s,%s,%s,%s,%s,%s)
2019-10-10 21:45:09 - F:\GitHub\WebBiliapi\Bilibiliflat\Mysql.py - Insert_args - 43 - INFO : 插入完成
2019-10-10 21:47:35 - F:\GitHub\WebBiliapi\Bilibiliflat\Mysql.py - Delete_sql - 73 - INFO : 正在删除数据...
2019-10-10 21:47:35 - F:\GitHub\WebBiliapi\Bilibiliflat\Mysql.py - Delete_sql - 76 - INFO : 删除完成
2019-10-10 21:47:35 - F:\GitHub\WebBiliapi\Bilibiliflat\Mysql.py - Insert_args - 29 - DEBUG : INSERT INTO Videos (aid,cid,href,rank,dates,times,weeks,score,title,tname,owner,ownid,owurl,views,danmu,reply,favou,coins,share,likes,ctime,length,imgurl) VALUES (%s,%s,%s,%s,%s,%s,%s,%s,%s,%s,%s,%s,%s,%s,%s,%s,%s,%s,%s,%s,%s,%s,%s)
2019-10-10 21:47:36 - F:\GitHub\WebBiliapi\Bilibiliflat\Mysql.py - Insert_args - 39 - INFO : 正在插入数据...
2019-10-10 21:47:36 - F:\GitHub\WebBiliapi\Bilibiliflat\Mysql.py - Insert_args - 40 - INFO : INSERT INTO Videos (aid,cid,href,rank,dates,times,weeks,score,title,tname,owner,ownid,owurl,views,danmu,reply,favou,coins,share,likes,ctime,length,imgurl) VALUES (%s,%s,%s,%s,%s,%s,%s,%s,%s,%s,%s,%s,%s,%s,%s,%s,%s,%s,%s,%s,%s,%s,%s)
2019-10-10 21:47:38 - F:\GitHub\WebBiliapi\Bilibiliflat\Mysql.py - Insert_args - 43 - INFO : 插入完成
2019-10-10 21:47:41 - F:\GitHub\WebBiliapi\Bilibiliflat\Mysql.py - Delete_sql - 73 - INFO : 正在删除数据...
2019-10-10 21:47:41 - F:\GitHub\WebBiliapi\Bilibiliflat\Mysql.py - Delete_sql - 76 - INFO : 删除完成
2019-10-10 21:47:41 - F:\GitHub\WebBiliapi\Bilibiliflat\Mysql.py - Insert_args - 29 - DEBUG : INSERT INTO Videos (aid,cid,href,rank,dates,times,weeks,score,title,tname,owner,ownid,owurl,views,danmu,reply,favou,coins,share,likes,ctime,length,imgurl) VALUES (%s,%s,%s,%s,%s,%s,%s,%s,%s,%s,%s,%s,%s,%s,%s,%s,%s,%s,%s,%s,%s,%s,%s)
2019-10-10 21:47:41 - F:\GitHub\WebBiliapi\Bilibiliflat\Mysql.py - Insert_args - 39 - INFO : 正在插入数据...
2019-10-10 21:47:41 - F:\GitHub\WebBiliapi\Bilibiliflat\Mysql.py - Insert_args - 40 - INFO : INSERT INTO Videos (aid,cid,href,rank,dates,times,weeks,score,title,tname,owner,ownid,owurl,views,danmu,reply,favou,coins,share,likes,ctime,length,imgurl) VALUES (%s,%s,%s,%s,%s,%s,%s,%s,%s,%s,%s,%s,%s,%s,%s,%s,%s,%s,%s,%s,%s,%s,%s)
2019-10-10 21:47:44 - F:\GitHub\WebBiliapi\Bilibiliflat\Mysql.py - Insert_args - 43 - INFO : 插入完成
2019-10-10 21:47:47 - F:\GitHub\WebBiliapi\Bilibiliflat\Mysql.py - Delete_sql - 73 - INFO : 正在删除数据...
2019-10-10 21:47:47 - F:\GitHub\WebBiliapi\Bilibiliflat\Mysql.py - Delete_sql - 76 - INFO : 删除完成
2019-10-10 21:47:47 - F:\GitHub\WebBiliapi\Bilibiliflat\Mysql.py - Insert_args - 29 - DEBUG : INSERT INTO Videos (aid,cid,href,rank,dates,times,weeks,score,title,tname,owner,ownid,owurl,views,danmu,reply,favou,coins,share,likes,ctime,length,imgurl) VALUES (%s,%s,%s,%s,%s,%s,%s,%s,%s,%s,%s,%s,%s,%s,%s,%s,%s,%s,%s,%s,%s,%s,%s)
2019-10-10 21:47:47 - F:\GitHub\WebBiliapi\Bilibiliflat\Mysql.py - Insert_args - 39 - INFO : 正在插入数据...
2019-10-10 21:47:47 - F:\GitHub\WebBiliapi\Bilibiliflat\Mysql.py - Insert_args - 40 - INFO : INSERT INTO Videos (aid,cid,href,rank,dates,times,weeks,score,title,tname,owner,ownid,owurl,views,danmu,reply,favou,coins,share,likes,ctime,length,imgurl) VALUES (%s,%s,%s,%s,%s,%s,%s,%s,%s,%s,%s,%s,%s,%s,%s,%s,%s,%s,%s,%s,%s,%s,%s)
2019-10-10 21:47:51 - F:\GitHub\WebBiliapi\Bilibiliflat\Mysql.py - Insert_args - 43 - INFO : 插入完成
2019-10-10 21:47:54 - F:\GitHub\WebBiliapi\Bilibiliflat\Mysql.py - Delete_sql - 73 - INFO : 正在删除数据...
2019-10-10 21:47:54 - F:\GitHub\WebBiliapi\Bilibiliflat\Mysql.py - Delete_sql - 76 - INFO : 删除完成
2019-10-10 21:47:54 - F:\GitHub\WebBiliapi\Bilibiliflat\Mysql.py - Insert_args - 29 - DEBUG : INSERT INTO Videos (aid,cid,href,rank,dates,times,weeks,score,title,tname,owner,ownid,owurl,views,danmu,reply,favou,coins,share,likes,ctime,length,imgurl) VALUES (%s,%s,%s,%s,%s,%s,%s,%s,%s,%s,%s,%s,%s,%s,%s,%s,%s,%s,%s,%s,%s,%s,%s)
2019-10-10 21:47:55 - F:\GitHub\WebBiliapi\Bilibiliflat\Mysql.py - Insert_args - 39 - INFO : 正在插入数据...
2019-10-10 21:47:55 - F:\GitHub\WebBiliapi\Bilibiliflat\Mysql.py - Insert_args - 40 - INFO : INSERT INTO Videos (aid,cid,href,rank,dates,times,weeks,score,title,tname,owner,ownid,owurl,views,danmu,reply,favou,coins,share,likes,ctime,length,imgurl) VALUES (%s,%s,%s,%s,%s,%s,%s,%s,%s,%s,%s,%s,%s,%s,%s,%s,%s,%s,%s,%s,%s,%s,%s)
2019-10-10 21:47:57 - F:\GitHub\WebBiliapi\Bilibiliflat\Mysql.py - Insert_args - 43 - INFO : 插入完成
2019-10-10 21:51:21 - F:\GitHub\WebBiliapi\Bilibiliflat\Mysql.py - Delete_sql - 73 - INFO : 正在删除数据...
2019-10-10 21:51:21 - F:\GitHub\WebBiliapi\Bilibiliflat\Mysql.py - Delete_sql - 76 - INFO : 删除完成
2019-10-10 21:51:21 - F:\GitHub\WebBiliapi\Bilibiliflat\Mysql.py - Insert_args - 29 - DEBUG : INSERT INTO Videos (aid,cid,href,rank,dates,times,weeks,score,title,tname,owner,ownid,owurl,views,danmu,reply,favou,coins,share,likes,ctime,length,imgurl) VALUES (%s,%s,%s,%s,%s,%s,%s,%s,%s,%s,%s,%s,%s,%s,%s,%s,%s,%s,%s,%s,%s,%s,%s)
2019-10-10 21:51:21 - F:\GitHub\WebBiliapi\Bilibiliflat\Mysql.py - Insert_args - 39 - INFO : 正在插入数据...
2019-10-10 21:51:21 - F:\GitHub\WebBiliapi\Bilibiliflat\Mysql.py - Insert_args - 40 - INFO : INSERT INTO Videos (aid,cid,href,rank,dates,times,weeks,score,title,tname,owner,ownid,owurl,views,danmu,reply,favou,coins,share,likes,ctime,length,imgurl) VALUES (%s,%s,%s,%s,%s,%s,%s,%s,%s,%s,%s,%s,%s,%s,%s,%s,%s,%s,%s,%s,%s,%s,%s)
2019-10-10 21:51:23 - F:\GitHub\WebBiliapi\Bilibiliflat\Mysql.py - Insert_args - 43 - INFO : 插入完成
2019-10-10 21:51:27 - F:\GitHub\WebBiliapi\Bilibiliflat\Mysql.py - Delete_sql - 73 - INFO : 正在删除数据...
2019-10-10 21:51:27 - F:\GitHub\WebBiliapi\Bilibiliflat\Mysql.py - Delete_sql - 76 - INFO : 删除完成
2019-10-10 21:51:27 - F:\GitHub\WebBiliapi\Bilibiliflat\Mysql.py - Insert_args - 29 - DEBUG : INSERT INTO Videos (aid,cid,href,rank,dates,times,weeks,score,title,tname,owner,ownid,owurl,views,danmu,reply,favou,coins,share,likes,ctime,length,imgurl) VALUES (%s,%s,%s,%s,%s,%s,%s,%s,%s,%s,%s,%s,%s,%s,%s,%s,%s,%s,%s,%s,%s,%s,%s)
2019-10-10 21:51:27 - F:\GitHub\WebBiliapi\Bilibiliflat\Mysql.py - Insert_args - 39 - INFO : 正在插入数据...
2019-10-10 21:51:27 - F:\GitHub\WebBiliapi\Bilibiliflat\Mysql.py - Insert_args - 40 - INFO : INSERT INTO Videos (aid,cid,href,rank,dates,times,weeks,score,title,tname,owner,ownid,owurl,views,danmu,reply,favou,coins,share,likes,ctime,length,imgurl) VALUES (%s,%s,%s,%s,%s,%s,%s,%s,%s,%s,%s,%s,%s,%s,%s,%s,%s,%s,%s,%s,%s,%s,%s)
2019-10-10 21:51:29 - F:\GitHub\WebBiliapi\Bilibiliflat\Mysql.py - Insert_args - 43 - INFO : 插入完成
2019-10-10 21:51:33 - F:\GitHub\WebBiliapi\Bilibiliflat\Mysql.py - Delete_sql - 73 - INFO : 正在删除数据...
2019-10-10 21:51:33 - F:\GitHub\WebBiliapi\Bilibiliflat\Mysql.py - Delete_sql - 76 - INFO : 删除完成
2019-10-10 21:51:33 - F:\GitHub\WebBiliapi\Bilibiliflat\Mysql.py - Insert_args - 29 - DEBUG : INSERT INTO Videos (aid,cid,href,rank,dates,times,weeks,score,title,tname,owner,ownid,owurl,views,danmu,reply,favou,coins,share,likes,ctime,length,imgurl) VALUES (%s,%s,%s,%s,%s,%s,%s,%s,%s,%s,%s,%s,%s,%s,%s,%s,%s,%s,%s,%s,%s,%s,%s)
2019-10-10 21:51:33 - F:\GitHub\WebBiliapi\Bilibiliflat\Mysql.py - Insert_args - 39 - INFO : 正在插入数据...
2019-10-10 21:51:33 - F:\GitHub\WebBiliapi\Bilibiliflat\Mysql.py - Insert_args - 40 - INFO : INSERT INTO Videos (aid,cid,href,rank,dates,times,weeks,score,title,tname,owner,ownid,owurl,views,danmu,reply,favou,coins,share,likes,ctime,length,imgurl) VALUES (%s,%s,%s,%s,%s,%s,%s,%s,%s,%s,%s,%s,%s,%s,%s,%s,%s,%s,%s,%s,%s,%s,%s)
2019-10-10 21:51:35 - F:\GitHub\WebBiliapi\Bilibiliflat\Mysql.py - Insert_args - 43 - INFO : 插入完成
2019-10-10 21:51:38 - F:\GitHub\WebBiliapi\Bilibiliflat\Mysql.py - Delete_sql - 73 - INFO : 正在删除数据...
2019-10-10 21:51:38 - F:\GitHub\WebBiliapi\Bilibiliflat\Mysql.py - Delete_sql - 76 - INFO : 删除完成
2019-10-10 21:51:38 - F:\GitHub\WebBiliapi\Bilibiliflat\Mysql.py - Insert_args - 29 - DEBUG : INSERT INTO Videos (aid,cid,href,rank,dates,times,weeks,score,title,tname,owner,ownid,owurl,views,danmu,reply,favou,coins,share,likes,ctime,length,imgurl) VALUES (%s,%s,%s,%s,%s,%s,%s,%s,%s,%s,%s,%s,%s,%s,%s,%s,%s,%s,%s,%s,%s,%s,%s)
2019-10-10 21:51:38 - F:\GitHub\WebBiliapi\Bilibiliflat\Mysql.py - Insert_args - 39 - INFO : 正在插入数据...
2019-10-10 21:51:38 - F:\GitHub\WebBiliapi\Bilibiliflat\Mysql.py - Insert_args - 40 - INFO : INSERT INTO Videos (aid,cid,href,rank,dates,times,weeks,score,title,tname,owner,ownid,owurl,views,danmu,reply,favou,coins,share,likes,ctime,length,imgurl) VALUES (%s,%s,%s,%s,%s,%s,%s,%s,%s,%s,%s,%s,%s,%s,%s,%s,%s,%s,%s,%s,%s,%s,%s)
2019-10-10 21:51:41 - F:\GitHub\WebBiliapi\Bilibiliflat\Mysql.py - Insert_args - 43 - INFO : 插入完成
2019-10-10 21:52:48 - F:\GitHub\WebBiliapi\Bilibiliflat\Mysql.py - Delete_sql - 73 - INFO : 正在删除数据...
2019-10-10 21:52:48 - F:\GitHub\WebBiliapi\Bilibiliflat\Mysql.py - Delete_sql - 76 - INFO : 删除完成
2019-10-10 21:52:49 - F:\GitHub\WebBiliapi\Bilibiliflat\Mysql.py - Insert_args - 29 - DEBUG : INSERT INTO Videos (aid,cid,href,rank,dates,times,weeks,score,title,tname,owner,ownid,owurl,views,danmu,reply,favou,coins,share,likes,ctime,length,imgurl) VALUES (%s,%s,%s,%s,%s,%s,%s,%s,%s,%s,%s,%s,%s,%s,%s,%s,%s,%s,%s,%s,%s,%s,%s)
2019-10-10 21:52:49 - F:\GitHub\WebBiliapi\Bilibiliflat\Mysql.py - Insert_args - 39 - INFO : 正在插入数据...
2019-10-10 21:52:49 - F:\GitHub\WebBiliapi\Bilibiliflat\Mysql.py - Insert_args - 40 - INFO : INSERT INTO Videos (aid,cid,href,rank,dates,times,weeks,score,title,tname,owner,ownid,owurl,views,danmu,reply,favou,coins,share,likes,ctime,length,imgurl) VALUES (%s,%s,%s,%s,%s,%s,%s,%s,%s,%s,%s,%s,%s,%s,%s,%s,%s,%s,%s,%s,%s,%s,%s)
2019-10-10 21:52:51 - F:\GitHub\WebBiliapi\Bilibiliflat\Mysql.py - Insert_args - 43 - INFO : 插入完成
2019-10-10 21:52:54 - F:\GitHub\WebBiliapi\Bilibiliflat\Mysql.py - Delete_sql - 73 - INFO : 正在删除数据...
2019-10-10 21:52:54 - F:\GitHub\WebBiliapi\Bilibiliflat\Mysql.py - Delete_sql - 76 - INFO : 删除完成
2019-10-10 21:52:54 - F:\GitHub\WebBiliapi\Bilibiliflat\Mysql.py - Insert_args - 29 - DEBUG : INSERT INTO Videos (aid,cid,href,rank,dates,times,weeks,score,title,tname,owner,ownid,owurl,views,danmu,reply,favou,coins,share,likes,ctime,length,imgurl) VALUES (%s,%s,%s,%s,%s,%s,%s,%s,%s,%s,%s,%s,%s,%s,%s,%s,%s,%s,%s,%s,%s,%s,%s)
2019-10-10 21:52:54 - F:\GitHub\WebBiliapi\Bilibiliflat\Mysql.py - Insert_args - 39 - INFO : 正在插入数据...
2019-10-10 21:52:54 - F:\GitHub\WebBiliapi\Bilibiliflat\Mysql.py - Insert_args - 40 - INFO : INSERT INTO Videos (aid,cid,href,rank,dates,times,weeks,score,title,tname,owner,ownid,owurl,views,danmu,reply,favou,coins,share,likes,ctime,length,imgurl) VALUES (%s,%s,%s,%s,%s,%s,%s,%s,%s,%s,%s,%s,%s,%s,%s,%s,%s,%s,%s,%s,%s,%s,%s)
2019-10-10 21:52:56 - F:\GitHub\WebBiliapi\Bilibiliflat\Mysql.py - Insert_args - 43 - INFO : 插入完成
2019-10-10 21:53:00 - F:\GitHub\WebBiliapi\Bilibiliflat\Mysql.py - Delete_sql - 73 - INFO : 正在删除数据...
2019-10-10 21:53:00 - F:\GitHub\WebBiliapi\Bilibiliflat\Mysql.py - Delete_sql - 76 - INFO : 删除完成
2019-10-10 21:53:00 - F:\GitHub\WebBiliapi\Bilibiliflat\Mysql.py - Insert_args - 29 - DEBUG : INSERT INTO Videos (aid,cid,href,rank,dates,times,weeks,score,title,tname,owner,ownid,owurl,views,danmu,reply,favou,coins,share,likes,ctime,length,imgurl) VALUES (%s,%s,%s,%s,%s,%s,%s,%s,%s,%s,%s,%s,%s,%s,%s,%s,%s,%s,%s,%s,%s,%s,%s)
2019-10-10 21:53:00 - F:\GitHub\WebBiliapi\Bilibiliflat\Mysql.py - Insert_args - 39 - INFO : 正在插入数据...
2019-10-10 21:53:00 - F:\GitHub\WebBiliapi\Bilibiliflat\Mysql.py - Insert_args - 40 - INFO : INSERT INTO Videos (aid,cid,href,rank,dates,times,weeks,score,title,tname,owner,ownid,owurl,views,danmu,reply,favou,coins,share,likes,ctime,length,imgurl) VALUES (%s,%s,%s,%s,%s,%s,%s,%s,%s,%s,%s,%s,%s,%s,%s,%s,%s,%s,%s,%s,%s,%s,%s)
2019-10-10 21:53:02 - F:\GitHub\WebBiliapi\Bilibiliflat\Mysql.py - Insert_args - 43 - INFO : 插入完成
2019-10-10 21:53:06 - F:\GitHub\WebBiliapi\Bilibiliflat\Mysql.py - Delete_sql - 73 - INFO : 正在删除数据...
2019-10-10 21:53:06 - F:\GitHub\WebBiliapi\Bilibiliflat\Mysql.py - Delete_sql - 76 - INFO : 删除完成
2019-10-10 21:53:06 - F:\GitHub\WebBiliapi\Bilibiliflat\Mysql.py - Insert_args - 29 - DEBUG : INSERT INTO Videos (aid,cid,href,rank,dates,times,weeks,score,title,tname,owner,ownid,owurl,views,danmu,reply,favou,coins,share,likes,ctime,length,imgurl) VALUES (%s,%s,%s,%s,%s,%s,%s,%s,%s,%s,%s,%s,%s,%s,%s,%s,%s,%s,%s,%s,%s,%s,%s)
2019-10-10 21:53:06 - F:\GitHub\WebBiliapi\Bilibiliflat\Mysql.py - Insert_args - 39 - INFO : 正在插入数据...
2019-10-10 21:53:06 - F:\GitHub\WebBiliapi\Bilibiliflat\Mysql.py - Insert_args - 40 - INFO : INSERT INTO Videos (aid,cid,href,rank,dates,times,weeks,score,title,tname,owner,ownid,owurl,views,danmu,reply,favou,coins,share,likes,ctime,length,imgurl) VALUES (%s,%s,%s,%s,%s,%s,%s,%s,%s,%s,%s,%s,%s,%s,%s,%s,%s,%s,%s,%s,%s,%s,%s)
2019-10-10 21:53:08 - F:\GitHub\WebBiliapi\Bilibiliflat\Mysql.py - Insert_args - 43 - INFO : 插入完成
>>>>>>> Stashed changes
=======
2019-10-12 15:54:51 - F:\GitHub\WebBiliapi\Bilibiliflat\Mysql.py - Delete_sql - 73 - INFO : 正在删除数据...
2019-10-12 15:54:51 - F:\GitHub\WebBiliapi\Bilibiliflat\Mysql.py - Delete_sql - 76 - INFO : 删除完成
2019-10-12 15:54:52 - F:\GitHub\WebBiliapi\Bilibiliflat\Mysql.py - Insert_args - 29 - DEBUG : INSERT INTO Videos (aid,cid,href,rank,dates,times,weeks,score,title,tname,owner,ownid,owurl,views,danmu,reply,favou,coins,share,likes,ctime,length,imgurl) VALUES (%s,%s,%s,%s,%s,%s,%s,%s,%s,%s,%s,%s,%s,%s,%s,%s,%s,%s,%s,%s,%s,%s,%s)
2019-10-12 15:54:52 - F:\GitHub\WebBiliapi\Bilibiliflat\Mysql.py - Insert_args - 39 - INFO : 正在插入数据...
2019-10-12 15:54:52 - F:\GitHub\WebBiliapi\Bilibiliflat\Mysql.py - Insert_args - 40 - INFO : INSERT INTO Videos (aid,cid,href,rank,dates,times,weeks,score,title,tname,owner,ownid,owurl,views,danmu,reply,favou,coins,share,likes,ctime,length,imgurl) VALUES (%s,%s,%s,%s,%s,%s,%s,%s,%s,%s,%s,%s,%s,%s,%s,%s,%s,%s,%s,%s,%s,%s,%s)
2019-10-12 15:54:58 - F:\GitHub\WebBiliapi\Bilibiliflat\Mysql.py - Insert_args - 43 - INFO : 插入完成
2019-10-12 15:55:03 - F:\GitHub\WebBiliapi\Bilibiliflat\Mysql.py - Delete_sql - 73 - INFO : 正在删除数据...
2019-10-12 15:55:03 - F:\GitHub\WebBiliapi\Bilibiliflat\Mysql.py - Delete_sql - 76 - INFO : 删除完成
2019-10-12 15:55:03 - F:\GitHub\WebBiliapi\Bilibiliflat\Mysql.py - Insert_args - 29 - DEBUG : INSERT INTO Videos (aid,cid,href,rank,dates,times,weeks,score,title,tname,owner,ownid,owurl,views,danmu,reply,favou,coins,share,likes,ctime,length,imgurl) VALUES (%s,%s,%s,%s,%s,%s,%s,%s,%s,%s,%s,%s,%s,%s,%s,%s,%s,%s,%s,%s,%s,%s,%s)
2019-10-12 15:55:03 - F:\GitHub\WebBiliapi\Bilibiliflat\Mysql.py - Insert_args - 39 - INFO : 正在插入数据...
2019-10-12 15:55:03 - F:\GitHub\WebBiliapi\Bilibiliflat\Mysql.py - Insert_args - 40 - INFO : INSERT INTO Videos (aid,cid,href,rank,dates,times,weeks,score,title,tname,owner,ownid,owurl,views,danmu,reply,favou,coins,share,likes,ctime,length,imgurl) VALUES (%s,%s,%s,%s,%s,%s,%s,%s,%s,%s,%s,%s,%s,%s,%s,%s,%s,%s,%s,%s,%s,%s,%s)
2019-10-12 15:55:09 - F:\GitHub\WebBiliapi\Bilibiliflat\Mysql.py - Insert_args - 43 - INFO : 插入完成
2019-10-12 15:55:13 - F:\GitHub\WebBiliapi\Bilibiliflat\Mysql.py - Delete_sql - 73 - INFO : 正在删除数据...
2019-10-12 15:55:14 - F:\GitHub\WebBiliapi\Bilibiliflat\Mysql.py - Delete_sql - 76 - INFO : 删除完成
2019-10-12 15:55:14 - F:\GitHub\WebBiliapi\Bilibiliflat\Mysql.py - Insert_args - 29 - DEBUG : INSERT INTO Videos (aid,cid,href,rank,dates,times,weeks,score,title,tname,owner,ownid,owurl,views,danmu,reply,favou,coins,share,likes,ctime,length,imgurl) VALUES (%s,%s,%s,%s,%s,%s,%s,%s,%s,%s,%s,%s,%s,%s,%s,%s,%s,%s,%s,%s,%s,%s,%s)
2019-10-12 15:55:14 - F:\GitHub\WebBiliapi\Bilibiliflat\Mysql.py - Insert_args - 39 - INFO : 正在插入数据...
2019-10-12 15:55:14 - F:\GitHub\WebBiliapi\Bilibiliflat\Mysql.py - Insert_args - 40 - INFO : INSERT INTO Videos (aid,cid,href,rank,dates,times,weeks,score,title,tname,owner,ownid,owurl,views,danmu,reply,favou,coins,share,likes,ctime,length,imgurl) VALUES (%s,%s,%s,%s,%s,%s,%s,%s,%s,%s,%s,%s,%s,%s,%s,%s,%s,%s,%s,%s,%s,%s,%s)
2019-10-12 15:55:20 - F:\GitHub\WebBiliapi\Bilibiliflat\Mysql.py - Insert_args - 43 - INFO : 插入完成
2019-10-12 15:55:23 - F:\GitHub\WebBiliapi\Bilibiliflat\Mysql.py - Delete_sql - 73 - INFO : 正在删除数据...
2019-10-12 15:55:23 - F:\GitHub\WebBiliapi\Bilibiliflat\Mysql.py - Delete_sql - 76 - INFO : 删除完成
2019-10-12 15:55:23 - F:\GitHub\WebBiliapi\Bilibiliflat\Mysql.py - Insert_args - 29 - DEBUG : INSERT INTO Videos (aid,cid,href,rank,dates,times,weeks,score,title,tname,owner,ownid,owurl,views,danmu,reply,favou,coins,share,likes,ctime,length,imgurl) VALUES (%s,%s,%s,%s,%s,%s,%s,%s,%s,%s,%s,%s,%s,%s,%s,%s,%s,%s,%s,%s,%s,%s,%s)
2019-10-12 15:55:23 - F:\GitHub\WebBiliapi\Bilibiliflat\Mysql.py - Insert_args - 39 - INFO : 正在插入数据...
2019-10-12 15:55:23 - F:\GitHub\WebBiliapi\Bilibiliflat\Mysql.py - Insert_args - 40 - INFO : INSERT INTO Videos (aid,cid,href,rank,dates,times,weeks,score,title,tname,owner,ownid,owurl,views,danmu,reply,favou,coins,share,likes,ctime,length,imgurl) VALUES (%s,%s,%s,%s,%s,%s,%s,%s,%s,%s,%s,%s,%s,%s,%s,%s,%s,%s,%s,%s,%s,%s,%s)
2019-10-12 15:55:29 - F:\GitHub\WebBiliapi\Bilibiliflat\Mysql.py - Insert_args - 43 - INFO : 插入完成
2019-10-13 14:01:51 - F:\GitHub\WebBiliapi\Bilibiliflat\Mysql.py - Delete_sql - 73 - INFO : 正在删除数据...
2019-10-13 14:01:51 - F:\GitHub\WebBiliapi\Bilibiliflat\Mysql.py - Delete_sql - 76 - INFO : 删除完成
2019-10-13 14:01:51 - F:\GitHub\WebBiliapi\Bilibiliflat\Mysql.py - Insert_args - 29 - DEBUG : INSERT INTO Videos (aid,cid,href,rank,dates,times,weeks,score,title,tname,owner,ownid,owurl,views,danmu,reply,favou,coins,share,likes,ctime,length,imgurl) VALUES (%s,%s,%s,%s,%s,%s,%s,%s,%s,%s,%s,%s,%s,%s,%s,%s,%s,%s,%s,%s,%s,%s,%s)
2019-10-13 14:01:51 - F:\GitHub\WebBiliapi\Bilibiliflat\Mysql.py - Insert_args - 39 - INFO : 正在插入数据...
2019-10-13 14:01:51 - F:\GitHub\WebBiliapi\Bilibiliflat\Mysql.py - Insert_args - 40 - INFO : INSERT INTO Videos (aid,cid,href,rank,dates,times,weeks,score,title,tname,owner,ownid,owurl,views,danmu,reply,favou,coins,share,likes,ctime,length,imgurl) VALUES (%s,%s,%s,%s,%s,%s,%s,%s,%s,%s,%s,%s,%s,%s,%s,%s,%s,%s,%s,%s,%s,%s,%s)
2019-10-13 14:01:53 - F:\GitHub\WebBiliapi\Bilibiliflat\Mysql.py - Insert_args - 43 - INFO : 插入完成
2019-10-13 14:01:56 - F:\GitHub\WebBiliapi\Bilibiliflat\Mysql.py - Delete_sql - 73 - INFO : 正在删除数据...
2019-10-13 14:01:56 - F:\GitHub\WebBiliapi\Bilibiliflat\Mysql.py - Delete_sql - 76 - INFO : 删除完成
2019-10-13 14:01:56 - F:\GitHub\WebBiliapi\Bilibiliflat\Mysql.py - Insert_args - 29 - DEBUG : INSERT INTO Videos (aid,cid,href,rank,dates,times,weeks,score,title,tname,owner,ownid,owurl,views,danmu,reply,favou,coins,share,likes,ctime,length,imgurl) VALUES (%s,%s,%s,%s,%s,%s,%s,%s,%s,%s,%s,%s,%s,%s,%s,%s,%s,%s,%s,%s,%s,%s,%s)
2019-10-13 14:01:56 - F:\GitHub\WebBiliapi\Bilibiliflat\Mysql.py - Insert_args - 39 - INFO : 正在插入数据...
2019-10-13 14:01:56 - F:\GitHub\WebBiliapi\Bilibiliflat\Mysql.py - Insert_args - 40 - INFO : INSERT INTO Videos (aid,cid,href,rank,dates,times,weeks,score,title,tname,owner,ownid,owurl,views,danmu,reply,favou,coins,share,likes,ctime,length,imgurl) VALUES (%s,%s,%s,%s,%s,%s,%s,%s,%s,%s,%s,%s,%s,%s,%s,%s,%s,%s,%s,%s,%s,%s,%s)
2019-10-13 14:01:58 - F:\GitHub\WebBiliapi\Bilibiliflat\Mysql.py - Insert_args - 43 - INFO : 插入完成
2019-10-13 14:02:00 - F:\GitHub\WebBiliapi\Bilibiliflat\Mysql.py - Delete_sql - 73 - INFO : 正在删除数据...
2019-10-13 14:02:00 - F:\GitHub\WebBiliapi\Bilibiliflat\Mysql.py - Delete_sql - 76 - INFO : 删除完成
2019-10-13 14:02:00 - F:\GitHub\WebBiliapi\Bilibiliflat\Mysql.py - Insert_args - 29 - DEBUG : INSERT INTO Videos (aid,cid,href,rank,dates,times,weeks,score,title,tname,owner,ownid,owurl,views,danmu,reply,favou,coins,share,likes,ctime,length,imgurl) VALUES (%s,%s,%s,%s,%s,%s,%s,%s,%s,%s,%s,%s,%s,%s,%s,%s,%s,%s,%s,%s,%s,%s,%s)
2019-10-13 14:02:00 - F:\GitHub\WebBiliapi\Bilibiliflat\Mysql.py - Insert_args - 39 - INFO : 正在插入数据...
2019-10-13 14:02:00 - F:\GitHub\WebBiliapi\Bilibiliflat\Mysql.py - Insert_args - 40 - INFO : INSERT INTO Videos (aid,cid,href,rank,dates,times,weeks,score,title,tname,owner,ownid,owurl,views,danmu,reply,favou,coins,share,likes,ctime,length,imgurl) VALUES (%s,%s,%s,%s,%s,%s,%s,%s,%s,%s,%s,%s,%s,%s,%s,%s,%s,%s,%s,%s,%s,%s,%s)
2019-10-13 14:02:02 - F:\GitHub\WebBiliapi\Bilibiliflat\Mysql.py - Insert_args - 43 - INFO : 插入完成
2019-10-13 14:02:03 - F:\GitHub\WebBiliapi\Bilibiliflat\Mysql.py - Delete_sql - 73 - INFO : 正在删除数据...
2019-10-13 14:02:04 - F:\GitHub\WebBiliapi\Bilibiliflat\Mysql.py - Delete_sql - 76 - INFO : 删除完成
2019-10-13 14:02:04 - F:\GitHub\WebBiliapi\Bilibiliflat\Mysql.py - Insert_args - 29 - DEBUG : INSERT INTO Videos (aid,cid,href,rank,dates,times,weeks,score,title,tname,owner,ownid,owurl,views,danmu,reply,favou,coins,share,likes,ctime,length,imgurl) VALUES (%s,%s,%s,%s,%s,%s,%s,%s,%s,%s,%s,%s,%s,%s,%s,%s,%s,%s,%s,%s,%s,%s,%s)
2019-10-13 14:02:04 - F:\GitHub\WebBiliapi\Bilibiliflat\Mysql.py - Insert_args - 39 - INFO : 正在插入数据...
2019-10-13 14:02:04 - F:\GitHub\WebBiliapi\Bilibiliflat\Mysql.py - Insert_args - 40 - INFO : INSERT INTO Videos (aid,cid,href,rank,dates,times,weeks,score,title,tname,owner,ownid,owurl,views,danmu,reply,favou,coins,share,likes,ctime,length,imgurl) VALUES (%s,%s,%s,%s,%s,%s,%s,%s,%s,%s,%s,%s,%s,%s,%s,%s,%s,%s,%s,%s,%s,%s,%s)
2019-10-13 14:02:06 - F:\GitHub\WebBiliapi\Bilibiliflat\Mysql.py - Insert_args - 43 - INFO : 插入完成
>>>>>>> Stashed changes
2019-10-13 14:04:57 - F:\GitHub\WebBiliapi\Bilibiliflat\Mysql.py - Insert_args - 29 - DEBUG : INSERT INTO Videos (aid,cid,href,rank,dates,times,weeks,score,title,tname,owner,ownid,owurl,views,danmu,reply,favou,coins,share,likes,ctime,length,imgurl) VALUES (%s,%s,%s,%s,%s,%s,%s,%s,%s,%s,%s,%s,%s,%s,%s,%s,%s,%s,%s,%s,%s,%s,%s)
2019-10-13 14:04:57 - F:\GitHub\WebBiliapi\Bilibiliflat\Mysql.py - Insert_args - 39 - INFO : 正在插入数据...
2019-10-13 14:04:57 - F:\GitHub\WebBiliapi\Bilibiliflat\Mysql.py - Insert_args - 40 - INFO : INSERT INTO Videos (aid,cid,href,rank,dates,times,weeks,score,title,tname,owner,ownid,owurl,views,danmu,reply,favou,coins,share,likes,ctime,length,imgurl) VALUES (%s,%s,%s,%s,%s,%s,%s,%s,%s,%s,%s,%s,%s,%s,%s,%s,%s,%s,%s,%s,%s,%s,%s)
2019-10-13 14:04:59 - F:\GitHub\WebBiliapi\Bilibiliflat\Mysql.py - Insert_args - 43 - INFO : 插入完成
2019-10-13 14:05:01 - F:\GitHub\WebBiliapi\Bilibiliflat\Mysql.py - Insert_args - 29 - DEBUG : INSERT INTO Videos (aid,cid,href,rank,dates,times,weeks,score,title,tname,owner,ownid,owurl,views,danmu,reply,favou,coins,share,likes,ctime,length,imgurl) VALUES (%s,%s,%s,%s,%s,%s,%s,%s,%s,%s,%s,%s,%s,%s,%s,%s,%s,%s,%s,%s,%s,%s,%s)
2019-10-13 14:05:01 - F:\GitHub\WebBiliapi\Bilibiliflat\Mysql.py - Insert_args - 39 - INFO : 正在插入数据...
2019-10-13 14:05:01 - F:\GitHub\WebBiliapi\Bilibiliflat\Mysql.py - Insert_args - 40 - INFO : INSERT INTO Videos (aid,cid,href,rank,dates,times,weeks,score,title,tname,owner,ownid,owurl,views,danmu,reply,favou,coins,share,likes,ctime,length,imgurl) VALUES (%s,%s,%s,%s,%s,%s,%s,%s,%s,%s,%s,%s,%s,%s,%s,%s,%s,%s,%s,%s,%s,%s,%s)
2019-10-13 14:05:02 - F:\GitHub\WebBiliapi\Bilibiliflat\Mysql.py - Insert_args - 43 - INFO : 插入完成
2019-10-13 14:05:05 - F:\GitHub\WebBiliapi\Bilibiliflat\Mysql.py - Insert_args - 29 - DEBUG : INSERT INTO Videos (aid,cid,href,rank,dates,times,weeks,score,title,tname,owner,ownid,owurl,views,danmu,reply,favou,coins,share,likes,ctime,length,imgurl) VALUES (%s,%s,%s,%s,%s,%s,%s,%s,%s,%s,%s,%s,%s,%s,%s,%s,%s,%s,%s,%s,%s,%s,%s)
2019-10-13 14:05:05 - F:\GitHub\WebBiliapi\Bilibiliflat\Mysql.py - Insert_args - 39 - INFO : 正在插入数据...
2019-10-13 14:05:05 - F:\GitHub\WebBiliapi\Bilibiliflat\Mysql.py - Insert_args - 40 - INFO : INSERT INTO Videos (aid,cid,href,rank,dates,times,weeks,score,title,tname,owner,ownid,owurl,views,danmu,reply,favou,coins,share,likes,ctime,length,imgurl) VALUES (%s,%s,%s,%s,%s,%s,%s,%s,%s,%s,%s,%s,%s,%s,%s,%s,%s,%s,%s,%s,%s,%s,%s)
2019-10-13 14:05:07 - F:\GitHub\WebBiliapi\Bilibiliflat\Mysql.py - Insert_args - 43 - INFO : 插入完成
2019-10-13 14:05:08 - F:\GitHub\WebBiliapi\Bilibiliflat\Mysql.py - Insert_args - 29 - DEBUG : INSERT INTO Videos (aid,cid,href,rank,dates,times,weeks,score,title,tname,owner,ownid,owurl,views,danmu,reply,favou,coins,share,likes,ctime,length,imgurl) VALUES (%s,%s,%s,%s,%s,%s,%s,%s,%s,%s,%s,%s,%s,%s,%s,%s,%s,%s,%s,%s,%s,%s,%s)
2019-10-13 14:05:08 - F:\GitHub\WebBiliapi\Bilibiliflat\Mysql.py - Insert_args - 39 - INFO : 正在插入数据...
2019-10-13 14:05:08 - F:\GitHub\WebBiliapi\Bilibiliflat\Mysql.py - Insert_args - 40 - INFO : INSERT INTO Videos (aid,cid,href,rank,dates,times,weeks,score,title,tname,owner,ownid,owurl,views,danmu,reply,favou,coins,share,likes,ctime,length,imgurl) VALUES (%s,%s,%s,%s,%s,%s,%s,%s,%s,%s,%s,%s,%s,%s,%s,%s,%s,%s,%s,%s,%s,%s,%s)
2019-10-13 14:05:10 - F:\GitHub\WebBiliapi\Bilibiliflat\Mysql.py - Insert_args - 43 - INFO : 插入完成
